4 HANOO jobs running on 01/09/22 at 15:35:01. This is:
	./HANOO
	/bin/sh
	/bin/sh
	grep
Test result var : 'pi        6526  4611  4 15:23 pts/1    00:00:41 ./HANOO --lJsonToApi true --lList1 true --lList2 true --lList3 true
pi        7533     1  0 15:40 ?        00:00:00 /bin/sh -e /home/pi/Documents/HAN/HANOO/check_jobs.sh
pi        7534  7533  0 15:40 ?        00:00:00 /bin/sh -e /home/pi/Documents/HAN/HANOO/check_jobs.sh
pi        7536  7534  0 15:40 ?        00:00:00 grep ./HANOO'
Test result num : '4'
4 HANOO jobs running on 01/09/22 at 15:40:01. This is:
	./HANOO
	/bin/sh
	/bin/sh
	grep
Test result var : 'pi        6526  4611  4 15:23 pts/1    00:00:53 ./HANOO --lJsonToApi true --lList1 true --lList2 true --lList3 true'
Test result num : '1'
error, HANOO not found
Few (1) (expected >= 1) .py scrips is running at on 01/09/22 at 15:45:01 . Will reeboot
	--lJsonToApi
1 HANOO job(s) running on 01/09/22 at 15:50:01. This is:
	./HANOO
Logging status at: on 01/09/22 at 15:55:01
1 HANOO job(s) running. This is:
	./HANOO
Logging status at: on 01/09/22 at 16:00:01
1 HANOO job(s) running. This is:
	./HANOO
Logging status at: on 01/09/22 at 16:05:01
1 HANOO job(s) running. This is:
	./HANOO
Logging status at: on 01/09/22 at 16:10:01
1 HANOO job(s) running. This is:
	./HANOO
Logging status at: 01/09/22 at 16:15:01
1 HANOO job(s) running. This is:
	./HANOO
Logging status at: 2022/01/09 at 16:20:01
1 HANOO job(s) running. This is:
	./HANOO
Logging status at: 2022/01/09 at 16:25:01
1 HANOO job(s) running. This is:
	./HANOO
Logging status at: 2022/01/09 at 16:30:01
1 HANOO job(s) running. This is:
	./HANOO
Logging status at: 2022/01/09 at 16:35:01
1 HANOO job(s) running. This is:
	./HANOO
Logging status at: 2022/01/09 at 16:40:01
1 HANOO job(s) running. This is:
	./HANOO
Logging status at: 2022/01/09 at 16:45:01
1 HANOO job(s) running. This is:
	./HANOO
Logging status at: 2022/01/09 at 16:50:01
1 HANOO job(s) running. This is:
	./HANOO
Logging status at: 2022/01/09 at 16:55:01
1 HANOO job(s) running. This is:
	./HANOO
Logging status at: 2022/01/09 at 17:00:01
1 HANOO job(s) running. This is:
	./HANOO
Logging status at: 2022/01/09 at 17:05:01
1 HANOO job(s) running. This is:
	./HANOO
Logging status at: 2022/01/09 at 17:10:01
1 HANOO job(s) running. This is:
	./HANOO
Logging status at: 2022/01/09 at 17:15:01
1 HANOO job(s) running. This is:
	./HANOO
Logging status at: 2022/01/09 at 17:20:01
1 HANOO job(s) running. This is:
	./HANOO
Logging status at: 2022/01/09 at 17:25:01
1 HANOO job(s) running. This is:
	./HANOO
Logging status at: 2022/01/09 at 17:30:02
1 HANOO job(s) running. This is:
	./HANOO
Logging status at: 2022/01/09 at 17:35:02
1 HANOO job(s) running. This is:
	./HANOO
Logging status at: 2022/01/09 at 17:40:02
1 HANOO job(s) running. This is:
	./HANOO
Logging status at: 2022/01/09 at 17:45:01
1 HANOO job(s) running. This is:
	./HANOO
Logging status at: 2022/01/09 at 17:50:01
1 HANOO job(s) running. This is:
	./HANOO
Logging status at: 2022/01/09 at 17:55:01
1 HANOO job(s) running. This is:
	./HANOO
Logging status at: 2022/01/09 at 18:00:01
1 HANOO job(s) running. This is:
	./HANOO
Logging status at: 2022/01/09 at 18:05:01
1 HANOO job(s) running. This is:
	./HANOO
Logging status at: 2022/01/09 at 18:10:01
1 HANOO job(s) running. This is:
	./HANOO
Logging status at: 2022/01/09 at 18:15:01
1 HANOO job(s) running. This is:
	./HANOO
Logging status at: 2022/01/09 at 18:20:01
1 HANOO job(s) running. This is:
	./HANOO
Logging status at: 2022/01/09 at 18:25:01
1 HANOO job(s) running. This is:
	./HANOO
Logging status at: 2022/01/09 at 18:30:01
1 HANOO job(s) running. This is:
	./HANOO
Logging status at: 2022/01/09 at 18:35:01
1 HANOO job(s) running. This is:
	./HANOO
Logging status at: 2022/01/09 at 18:40:01
1 HANOO job(s) running. This is:
	./HANOO
Logging status at: 2022/01/09 at 18:45:01
1 HANOO job(s) running. This is:
	./HANOO
Logging status at: 2022/01/09 at 18:50:01
1 HANOO job(s) running. This is:
	./HANOO
Logging status at: 2022/01/09 at 18:55:01
1 HANOO job(s) running. This is:
	./HANOO
Logging status at: 2022/01/09 at 19:00:01
1 HANOO job(s) running. This is:
	./HANOO
Logging status at: 2022/01/09 at 19:05:01
1 HANOO job(s) running. This is:
	./HANOO
Logging status at: 2022/01/09 at 19:10:01
1 HANOO job(s) running. This is:
	./HANOO
Logging status at: 2022/01/09 at 19:30:01
1 HANOO job(s) running. This is:
	./HANOO
Logging status at: 2022/01/09 at 19:35:01
1 HANOO job(s) running. This is:
	./HANOO
Logging status at: 2022/01/09 at 19:40:01
1 HANOO job(s) running. This is:
	./HANOO
Logging status at: 2022/01/09 at 19:45:01
1 HANOO job(s) running. This is:
	./HANOO
Logging status at: 2022/01/09 at 19:50:01
1 HANOO job(s) running. This is:
	./HANOO
Logging status at: 2022/01/09 at 19:55:01
1 HANOO job(s) running. This is:
	./HANOO
Logging status at: 2022/01/09 at 20:00:01
1 HANOO job(s) running. This is:
	./HANOO
Logging status at: 2022/01/09 at 20:05:01
1 HANOO job(s) running. This is:
	./HANOO
Logging status at: 2022/01/09 at 20:10:01
1 HANOO job(s) running. This is:
	./HANOO
Logging status at: 2022/01/09 at 20:15:01
1 HANOO job(s) running. This is:
	./HANOO
Logging status at: 2022/01/09 at 21:10:01
1 HANOO job(s) running. This is:
	./HANOO
Logging status at: 2022/01/09 at 21:15:01
1 HANOO job(s) running. This is:
	./HANOO
Logging status at: 2022/01/09 at 21:20:01
1 HANOO job(s) running. This is:
	./HANOO
Logging status at: 2022/01/09 at 21:25:01
1 HANOO job(s) running. This is:
	./HANOO
Logging status at: 2022/01/09 at 21:30:01
1 HANOO job(s) running. This is:
	./HANOO
Logging status at: 2022/01/09 at 21:35:01
1 HANOO job(s) running. This is:
	./HANOO
Logging status at: 2022/01/09 at 21:40:01
1 HANOO job(s) running. This is:
	./HANOO
Logging status at: 2022/01/09 at 21:45:01
1 HANOO job(s) running. This is:
	./HANOO
Logging status at: 2022/01/09 at 21:50:01
1 HANOO job(s) running. This is:
	./HANOO
Test result var : 'root      4479     1  4 21:11 ?        00:00:56 ./HANOO --lJsonToApi true --lList1 true --lList2 true --lList3 true'
Test result num : '1'
Logging status at: 2022/01/10 at 21:30:01
1 HANOO job(s) running. This is:
	./HANOO
Test result var : 'root      4435     1  6 21:31 ?        00:00:13 ./HANOO --lJsonToApi true --lList1 true --lList2 true --lList3 true'
Test result num : '1'
Logging status at: 2022/01/10 at 21:35:01
1 HANOO job(s) running. This is:
	./HANOO
Logging status at: 2022/01/10 at 21:40:01
1 HANOO job(s) running. This is:
	./HANOO
Number of HTTP 400 error is: 0
Logging status at: 2022/01/10 at 21:45:16
1 HANOO job(s) running. This is:
	./HANOO
Number of HTTP 400 error is: 0
Logging status at: 2022/01/10 at 22:40:01
1 HANOO job(s) running. This is:
	./HANOO
Number of HTTP 400 error is: 0
Logging status at: 2022/01/10 at 22:45:01
1 HANOO job(s) running. This is:
	./HANOO
Number of HTTP 400 error is: 0
Logging status at: 2022/01/10 at 22:50:01
1 HANOO job(s) running. This is:
	./HANOO
Number of HTTP 400 error is: 0
Logging status at: 2022/01/10 at 22:55:01
1 HANOO job(s) running. This is:
	./HANOO
Number of HTTP 400 error is: 0
Logging status at: 2022/01/10 at 23:00:01
1 HANOO job(s) running. This is:
	./HANOO
Error in communication with endpoint. Tried  70  times. Rebooting.
Logging status at: 2022/01/10 at 23:05:02
1 HANOO job(s) running. This is:
	./HANOO
Number of HTTP 400 error is: 0
Logging status at: 2022/01/10 at 23:10:02
1 HANOO job(s) running. This is:
	./HANOO
Number of HTTP 400 error is: 0
Logging status at: 2022/01/10 at 23:15:01
1 HANOO job(s) running. This is:
	./HANOO
Number of HTTP 400 error is: 0
Logging status at: 2022/01/10 at 23:20:01
1 HANOO job(s) running. This is:
	./HANOO
Error in communication with endpoint. Tried  13  times. Rebooting.
Logging status at: 2022/01/10 at 23:25:01
1 HANOO job(s) running. This is:
	./HANOO
Number of HTTP 400 error is: 0
Logging status at: 2022/01/10 at 23:30:01
1 HANOO job(s) running. This is:
	./HANOO
Number of HTTP 400 error is: 0
Logging status at: 2022/01/10 at 23:35:01
1 HANOO job(s) running. This is:
	./HANOO
Number of HTTP 400 error is: 0
Logging status at: 2022/01/10 at 23:40:01
1 HANOO job(s) running. This is:
	./HANOO
Error in communication with endpoint. Tried  15  times. Rebooting.
Logging status at: 2022/01/10 at 23:45:01
1 HANOO job(s) running. This is:
	./HANOO
Number of HTTP 400 error is: 0
Logging status at: 2022/01/10 at 23:50:01
1 HANOO job(s) running. This is:
	./HANOO
Number of HTTP 400 error is: 0
Logging status at: 2022/01/10 at 23:55:01
1 HANOO job(s) running. This is:
	./HANOO
Number of HTTP 400 error is: 0
Logging status at: 2022/01/11 at 00:00:01
1 HANOO job(s) running. This is:
	./HANOO
Error in communication with endpoint. Tried  13  times. Rebooting.
Logging status at: 2022/01/11 at 00:05:01
1 HANOO job(s) running. This is:
	./HANOO
Number of HTTP 400 error is: 0
Logging status at: 2022/01/11 at 00:10:01
1 HANOO job(s) running. This is:
	./HANOO
Number of HTTP 400 error is: 0
Logging status at: 2022/01/11 at 00:15:01
1 HANOO job(s) running. This is:
	./HANOO
Number of HTTP 400 error is: 0
Logging status at: 2022/01/11 at 00:20:02
1 HANOO job(s) running. This is:
	./HANOO
Error in communication with endpoint. Tried  13  times. Rebooting.
Logging status at: 2022/01/11 at 00:25:01
1 HANOO job(s) running. This is:
	./HANOO
Number of HTTP 400 error is: 0
Logging status at: 2022/01/11 at 00:30:01
1 HANOO job(s) running. This is:
	./HANOO
Number of HTTP 400 error is: 0
Logging status at: 2022/01/11 at 00:35:01
1 HANOO job(s) running. This is:
	./HANOO
Number of HTTP 400 error is: 0
Logging status at: 2022/01/11 at 00:40:01
1 HANOO job(s) running. This is:
	./HANOO
Error in communication with endpoint. Tried  14  times. Rebooting.
Logging status at: 2022/01/11 at 00:45:01
1 HANOO job(s) running. This is:
	./HANOO
Number of HTTP 400 error is: 0
Logging status at: 2022/01/11 at 00:50:01
1 HANOO job(s) running. This is:
	./HANOO
Number of HTTP 400 error is: 0
Logging status at: 2022/01/11 at 00:55:01
1 HANOO job(s) running. This is:
	./HANOO
Number of HTTP 400 error is: 0
Logging status at: 2022/01/11 at 01:00:01
1 HANOO job(s) running. This is:
	./HANOO
Error in communication with endpoint. Tried  12  times. Rebooting.
Logging status at: 2022/01/11 at 01:05:01
1 HANOO job(s) running. This is:
	./HANOO
Number of HTTP 400 error is: 0
Logging status at: 2022/01/11 at 01:10:01
1 HANOO job(s) running. This is:
	./HANOO
Number of HTTP 400 error is: 0
Logging status at: 2022/01/11 at 01:15:01
1 HANOO job(s) running. This is:
	./HANOO
Number of HTTP 400 error is: 0
Logging status at: 2022/01/11 at 01:20:01
1 HANOO job(s) running. This is:
	./HANOO
Error in communication with endpoint. Tried  14  times. Rebooting.
Logging status at: 2022/01/11 at 01:25:01
1 HANOO job(s) running. This is:
	./HANOO
Number of HTTP 400 error is: 0
Logging status at: 2022/01/11 at 01:30:01
1 HANOO job(s) running. This is:
	./HANOO
Number of HTTP 400 error is: 0
Logging status at: 2022/01/11 at 01:35:01
1 HANOO job(s) running. This is:
	./HANOO
Number of HTTP 400 error is: 0
Logging status at: 2022/01/11 at 01:40:01
1 HANOO job(s) running. This is:
	./HANOO
Error in communication with endpoint. Tried  14  times. Rebooting.
Logging status at: 2022/01/11 at 01:45:01
1 HANOO job(s) running. This is:
	./HANOO
Number of HTTP 400 error is: 0
Logging status at: 2022/01/11 at 01:50:01
1 HANOO job(s) running. This is:
	./HANOO
Number of HTTP 400 error is: 0
Logging status at: 2022/01/11 at 01:55:01
1 HANOO job(s) running. This is:
	./HANOO
Number of HTTP 400 error is: 0
Logging status at: 2022/01/11 at 02:00:01
1 HANOO job(s) running. This is:
	./HANOO
Error in communication with endpoint. Tried  13  times. Rebooting.
Logging status at: 2022/01/11 at 02:05:01
1 HANOO job(s) running. This is:
	./HANOO
Number of HTTP 400 error is: 0
Logging status at: 2022/01/11 at 02:10:01
1 HANOO job(s) running. This is:
	./HANOO
Number of HTTP 400 error is: 0
Logging status at: 2022/01/11 at 02:15:01
1 HANOO job(s) running. This is:
	./HANOO
Number of HTTP 400 error is: 0
Logging status at: 2022/01/11 at 02:20:01
1 HANOO job(s) running. This is:
	./HANOO
Error in communication with endpoint. Tried  11  times. Rebooting.
Logging status at: 2022/01/11 at 02:25:01
1 HANOO job(s) running. This is:
	./HANOO
Number of HTTP 400 error is: 0
Logging status at: 2022/01/11 at 02:30:01
1 HANOO job(s) running. This is:
	./HANOO
Number of HTTP 400 error is: 0
Logging status at: 2022/01/11 at 02:35:01
1 HANOO job(s) running. This is:
	./HANOO
Number of HTTP 400 error is: 0
Logging status at: 2022/01/11 at 02:40:01
1 HANOO job(s) running. This is:
	./HANOO
Error in communication with endpoint. Tried  13  times. Rebooting.
Logging status at: 2022/01/11 at 02:45:01
1 HANOO job(s) running. This is:
	./HANOO
Number of HTTP 400 error is: 0
Logging status at: 2022/01/11 at 02:50:01
1 HANOO job(s) running. This is:
	./HANOO
Number of HTTP 400 error is: 0
Logging status at: 2022/01/11 at 02:55:01
1 HANOO job(s) running. This is:
	./HANOO
Number of HTTP 400 error is: 0
Logging status at: 2022/01/11 at 03:00:01
1 HANOO job(s) running. This is:
	./HANOO
Error in communication with endpoint. Tried  11  times. Rebooting.
Logging status at: 2022/01/11 at 03:05:01
1 HANOO job(s) running. This is:
	./HANOO
Number of HTTP 400 error is: 0
Logging status at: 2022/01/11 at 03:10:02
1 HANOO job(s) running. This is:
	./HANOO
Number of HTTP 400 error is: 0
Logging status at: 2022/01/11 at 03:15:02
1 HANOO job(s) running. This is:
	./HANOO
Number of HTTP 400 error is: 0
Logging status at: 2022/01/11 at 03:20:01
1 HANOO job(s) running. This is:
	./HANOO
Error in communication with endpoint. Tried  11  times. Rebooting.
Logging status at: 2022/01/11 at 03:25:01
1 HANOO job(s) running. This is:
	./HANOO
Number of HTTP 400 error is: 0
Logging status at: 2022/01/11 at 03:30:01
1 HANOO job(s) running. This is:
	./HANOO
Number of HTTP 400 error is: 0
Logging status at: 2022/01/11 at 03:35:01
1 HANOO job(s) running. This is:
	./HANOO
Number of HTTP 400 error is: 0
Logging status at: 2022/01/11 at 03:40:01
1 HANOO job(s) running. This is:
	./HANOO
Error in communication with endpoint. Tried  12  times. Rebooting.
Logging status at: 2022/01/11 at 03:45:01
1 HANOO job(s) running. This is:
	./HANOO
Number of HTTP 400 error is: 0
Logging status at: 2022/01/11 at 03:50:01
1 HANOO job(s) running. This is:
	./HANOO
Number of HTTP 400 error is: 0
Logging status at: 2022/01/11 at 03:55:01
1 HANOO job(s) running. This is:
	./HANOO
Number of HTTP 400 error is: 0
Logging status at: 2022/01/11 at 04:00:01
1 HANOO job(s) running. This is:
	./HANOO
Error in communication with endpoint. Tried  13  times. Rebooting.
Logging status at: 2022/01/11 at 04:05:01
1 HANOO job(s) running. This is:
	./HANOO
Number of HTTP 400 error is: 0
Logging status at: 2022/01/11 at 04:10:01
1 HANOO job(s) running. This is:
	./HANOO
Number of HTTP 400 error is: 0
Logging status at: 2022/01/11 at 04:15:01
1 HANOO job(s) running. This is:
	./HANOO
Number of HTTP 400 error is: 0
Logging status at: 2022/01/11 at 04:20:02
1 HANOO job(s) running. This is:
	./HANOO
Error in communication with endpoint. Tried  12  times. Rebooting.
Logging status at: 2022/01/11 at 04:25:01
1 HANOO job(s) running. This is:
	./HANOO
Number of HTTP 400 error is: 0
Logging status at: 2022/01/11 at 04:30:01
1 HANOO job(s) running. This is:
	./HANOO
Number of HTTP 400 error is: 0
Logging status at: 2022/01/11 at 04:35:01
1 HANOO job(s) running. This is:
	./HANOO
Number of HTTP 400 error is: 0
Logging status at: 2022/01/11 at 04:40:01
1 HANOO job(s) running. This is:
	./HANOO
Error in communication with endpoint. Tried  11  times. Rebooting.
Logging status at: 2022/01/11 at 04:45:01
1 HANOO job(s) running. This is:
	./HANOO
Number of HTTP 400 error is: 0
Logging status at: 2022/01/11 at 04:50:01
1 HANOO job(s) running. This is:
	./HANOO
Number of HTTP 400 error is: 0
Logging status at: 2022/01/11 at 04:55:01
1 HANOO job(s) running. This is:
	./HANOO
Number of HTTP 400 error is: 0
Logging status at: 2022/01/11 at 05:00:01
1 HANOO job(s) running. This is:
	./HANOO
Number of HTTP 400 error is: 10
Logging status at: 2022/01/11 at 05:05:01
1 HANOO job(s) running. This is:
	./HANOO
Error in communication with endpoint. Tried  128  times. Rebooting.
Logging status at: 2022/01/11 at 05:10:01
1 HANOO job(s) running. This is:
	./HANOO
Number of HTTP 400 error is: 0
Logging status at: 2022/01/11 at 05:15:01
1 HANOO job(s) running. This is:
	./HANOO
Number of HTTP 400 error is: 0
Logging status at: 2022/01/11 at 05:20:01
1 HANOO job(s) running. This is:
	./HANOO
Number of HTTP 400 error is: 0
Logging status at: 2022/01/11 at 05:25:01
1 HANOO job(s) running. This is:
	./HANOO
Error in communication with endpoint. Tried  11  times. Rebooting.
Logging status at: 2022/01/11 at 05:30:01
1 HANOO job(s) running. This is:
	./HANOO
Number of HTTP 400 error is: 0
Logging status at: 2022/01/11 at 05:35:01
1 HANOO job(s) running. This is:
	./HANOO
Number of HTTP 400 error is: 0
Logging status at: 2022/01/11 at 05:40:01
1 HANOO job(s) running. This is:
	./HANOO
Number of HTTP 400 error is: 0
Logging status at: 2022/01/11 at 05:45:01
1 HANOO job(s) running. This is:
	./HANOO
Error in communication with endpoint. Tried  12  times. Rebooting.
Logging status at: 2022/01/11 at 05:50:01
1 HANOO job(s) running. This is:
	./HANOO
Number of HTTP 400 error is: 0
Logging status at: 2022/01/11 at 05:55:01
1 HANOO job(s) running. This is:
	./HANOO
Number of HTTP 400 error is: 0
Logging status at: 2022/01/11 at 06:00:01
1 HANOO job(s) running. This is:
	./HANOO
Number of HTTP 400 error is: 0
Logging status at: 2022/01/11 at 06:05:01
1 HANOO job(s) running. This is:
	./HANOO
Error in communication with endpoint. Tried  14  times. Rebooting.
Logging status at: 2022/01/11 at 06:10:01
1 HANOO job(s) running. This is:
	./HANOO
Number of HTTP 400 error is: 0
Logging status at: 2022/01/11 at 06:15:01
1 HANOO job(s) running. This is:
	./HANOO
Number of HTTP 400 error is: 0
Logging status at: 2022/01/11 at 06:20:01
1 HANOO job(s) running. This is:
	./HANOO
Number of HTTP 400 error is: 0
Logging status at: 2022/01/11 at 06:25:01
1 HANOO job(s) running. This is:
	./HANOO
Error in communication with endpoint. Tried  13  times. Rebooting.
Logging status at: 2022/01/11 at 06:30:01
1 HANOO job(s) running. This is:
	./HANOO
Number of HTTP 400 error is: 0
Logging status at: 2022/01/11 at 06:50:16
1 HANOO job(s) running. This is:
	./HANOO
Number of HTTP 400 error is: 0
Logging status at: 2022/01/11 at 06:55:01
1 HANOO job(s) running. This is:
	./HANOO
Number of HTTP 400 error is: 0
Logging status at: 2022/01/11 at 07:00:01
1 HANOO job(s) running. This is:
	./HANOO
Number of HTTP 400 error is: 0
Logging status at: 2022/01/11 at 07:05:01
1 HANOO job(s) running. This is:
	./HANOO
Number of HTTP 400 error is: 0
Logging status at: 2022/01/11 at 07:10:01
1 HANOO job(s) running. This is:
	./HANOO
Error in communication with endpoint. Tried  41  times. Rebooting.
Logging status at: 2022/01/11 at 07:15:01
1 HANOO job(s) running. This is:
	./HANOO
Number of HTTP 400 error is: 0
Logging status at: 2022/01/11 at 07:20:01
1 HANOO job(s) running. This is:
	./HANOO
Number of HTTP 400 error is: 0
Logging status at: 2022/01/11 at 07:25:01
1 HANOO job(s) running. This is:
	./HANOO
Number of HTTP 400 error is: 0
Logging status at: 2022/01/11 at 07:30:01
1 HANOO job(s) running. This is:
	./HANOO
Error in communication with endpoint. Tried  13  times. Rebooting.
Logging status at: 2022/01/11 at 07:35:01
1 HANOO job(s) running. This is:
	./HANOO
Number of HTTP 400 error is: 0
Logging status at: 2022/01/11 at 07:40:01
1 HANOO job(s) running. This is:
	./HANOO
Number of HTTP 400 error is: 0
Logging status at: 2022/01/11 at 07:45:01
1 HANOO job(s) running. This is:
	./HANOO
Number of HTTP 400 error is: 0
Logging status at: 2022/01/11 at 07:50:01
1 HANOO job(s) running. This is:
	./HANOO
Error in communication with endpoint. Tried  15  times. Rebooting.
Logging status at: 2022/01/11 at 07:55:01
1 HANOO job(s) running. This is:
	./HANOO
Number of HTTP 400 error is: 0
Logging status at: 2022/01/11 at 08:00:01
1 HANOO job(s) running. This is:
	./HANOO
Number of HTTP 400 error is: 0
Logging status at: 2022/01/11 at 08:05:01
1 HANOO job(s) running. This is:
	./HANOO
Number of HTTP 400 error is: 0
Logging status at: 2022/01/11 at 08:10:01
1 HANOO job(s) running. This is:
	./HANOO
Error in communication with endpoint. Tried  13  times. Rebooting.
Logging status at: 2022/01/11 at 08:15:02
1 HANOO job(s) running. This is:
	./HANOO
Number of HTTP 400 error is: 0
Logging status at: 2022/01/11 at 08:20:01
1 HANOO job(s) running. This is:
	./HANOO
Number of HTTP 400 error is: 0
Logging status at: 2022/01/11 at 08:25:01
1 HANOO job(s) running. This is:
	./HANOO
Number of HTTP 400 error is: 0
Logging status at: 2022/01/11 at 08:30:01
1 HANOO job(s) running. This is:
	./HANOO
Error in communication with endpoint. Tried  12  times. Rebooting.
Logging status at: 2022/01/11 at 08:35:01
1 HANOO job(s) running. This is:
	./HANOO
Number of HTTP 400 error is: 0
Logging status at: 2022/01/11 at 08:40:01
1 HANOO job(s) running. This is:
	./HANOO
Number of HTTP 400 error is: 0
Logging status at: 2022/01/11 at 08:45:01
1 HANOO job(s) running. This is:
	./HANOO
Number of HTTP 400 error is: 0
Logging status at: 2022/01/11 at 08:50:01
1 HANOO job(s) running. This is:
	./HANOO
Error in communication with endpoint. Tried  13  times. Rebooting.
Logging status at: 2022/01/11 at 08:55:01
1 HANOO job(s) running. This is:
	./HANOO
Number of HTTP 400 error is: 0
Logging status at: 2022/01/11 at 09:00:01
1 HANOO job(s) running. This is:
	./HANOO
Number of HTTP 400 error is: 0
Logging status at: 2022/01/11 at 09:05:01
1 HANOO job(s) running. This is:
	./HANOO
Number of HTTP 400 error is: 0
Logging status at: 2022/01/11 at 09:10:01
1 HANOO job(s) running. This is:
	./HANOO
Error in communication with endpoint. Tried  13  times. Rebooting.
Logging status at: 2022/01/11 at 09:15:01
1 HANOO job(s) running. This is:
	./HANOO
Number of HTTP 400 error is: 0
Logging status at: 2022/01/11 at 09:20:01
1 HANOO job(s) running. This is:
	./HANOO
Number of HTTP 400 error is: 0
Logging status at: 2022/01/11 at 09:25:01
1 HANOO job(s) running. This is:
	./HANOO
Number of HTTP 400 error is: 0
Logging status at: 2022/01/11 at 09:30:01
1 HANOO job(s) running. This is:
	./HANOO
Error in communication with endpoint. Tried  12  times. Rebooting.
Logging status at: 2022/01/11 at 09:35:01
1 HANOO job(s) running. This is:
	./HANOO
Number of HTTP 400 error is: 0
Logging status at: 2022/01/11 at 09:40:01
1 HANOO job(s) running. This is:
	./HANOO
Number of HTTP 400 error is: 0
Logging status at: 2022/01/11 at 09:45:01
1 HANOO job(s) running. This is:
	./HANOO
Number of HTTP 400 error is: 0
Logging status at: 2022/01/11 at 09:50:01
1 HANOO job(s) running. This is:
	./HANOO
Error in communication with endpoint. Tried  11  times. Rebooting.
Logging status at: 2022/01/11 at 09:55:01
1 HANOO job(s) running. This is:
	./HANOO
Number of HTTP 400 error is: 0
Logging status at: 2022/01/11 at 10:00:01
1 HANOO job(s) running. This is:
	./HANOO
Number of HTTP 400 error is: 0
Logging status at: 2022/01/11 at 10:05:01
1 HANOO job(s) running. This is:
	./HANOO
Number of HTTP 400 error is: 0
Logging status at: 2022/01/11 at 10:10:01
1 HANOO job(s) running. This is:
	./HANOO
Error in communication with endpoint. Tried  13  times. Rebooting.
Logging status at: 2022/01/11 at 10:15:01
1 HANOO job(s) running. This is:
	./HANOO
Number of HTTP 400 error is: 0
Logging status at: 2022/01/11 at 10:20:01
1 HANOO job(s) running. This is:
	./HANOO
Number of HTTP 400 error is: 0
Logging status at: 2022/01/11 at 10:25:01
1 HANOO job(s) running. This is:
	./HANOO
Number of HTTP 400 error is: 0
Logging status at: 2022/01/11 at 10:30:01
1 HANOO job(s) running. This is:
	./HANOO
Error in communication with endpoint. Tried  13  times. Rebooting.
Logging status at: 2022/01/11 at 10:35:01
1 HANOO job(s) running. This is:
	./HANOO
Number of HTTP 400 error is: 0
Logging status at: 2022/01/11 at 10:40:01
1 HANOO job(s) running. This is:
	./HANOO
Number of HTTP 400 error is: 0
Logging status at: 2022/01/11 at 10:45:01
1 HANOO job(s) running. This is:
	./HANOO
Number of HTTP 400 error is: 0
Logging status at: 2022/01/11 at 10:50:01
1 HANOO job(s) running. This is:
	./HANOO
Error in communication with endpoint. Tried  12  times. Rebooting.
Logging status at: 2022/01/11 at 10:55:01
1 HANOO job(s) running. This is:
	./HANOO
Number of HTTP 400 error is: 0
Logging status at: 2022/01/11 at 13:15:01
1 HANOO job(s) running. This is:
	./HANOO
Number of HTTP 400 error is: 0
Logging status at: 2022/01/11 at 13:20:01
1 HANOO job(s) running. This is:
	./HANOO
Number of HTTP 400 error is: 0
Logging status at: 2022/01/11 at 13:25:01
1 HANOO job(s) running. This is:
	./HANOO
Number of HTTP 400 error is: 0
Logging status at: 2022/01/11 at 13:30:01
1 HANOO job(s) running. This is:
	./HANOO
Number of HTTP 400 error is: 0
Logging status at: 2022/01/11 at 13:35:01
1 HANOO job(s) running. This is:
	./HANOO
Error in communication with endpoint. Tried  111  times. Rebooting.
Logging status at: 2022/01/11 at 13:40:01
1 HANOO job(s) running. This is:
	./HANOO
Number of HTTP 400 error is: 0
Logging status at: 2022/01/11 at 13:45:02
1 HANOO job(s) running. This is:
	./HANOO
Number of HTTP 400 error is: 0
Logging status at: 2022/01/11 at 13:50:02
1 HANOO job(s) running. This is:
	./HANOO
Number of HTTP 400 error is: 0
Logging status at: 2022/01/11 at 13:55:02
1 HANOO job(s) running. This is:
	./HANOO
Error in communication with endpoint. Tried  14  times. Rebooting.
Logging status at: 2022/01/11 at 14:00:01
1 HANOO job(s) running. This is:
	./HANOO
Number of HTTP 400 error is: 0
Logging status at: 2022/01/11 at 14:05:01
1 HANOO job(s) running. This is:
	./HANOO
Number of HTTP 400 error is: 0
Logging status at: 2022/01/11 at 14:10:01
1 HANOO job(s) running. This is:
	./HANOO
Number of HTTP 400 error is: 0
Logging status at: 2022/01/11 at 14:15:01
1 HANOO job(s) running. This is:
	./HANOO
Error in communication with endpoint. Tried  12  times. Rebooting.
Logging status at: 2022/01/11 at 14:20:01
1 HANOO job(s) running. This is:
	./HANOO
Number of HTTP 400 error is: 0
Logging status at: 2022/01/11 at 14:25:01
1 HANOO job(s) running. This is:
	./HANOO
Number of HTTP 400 error is: 0
Logging status at: 2022/01/11 at 14:30:01
1 HANOO job(s) running. This is:
	./HANOO
Number of HTTP 400 error is: 0
Logging status at: 2022/01/11 at 14:35:01
1 HANOO job(s) running. This is:
	./HANOO
Error in communication with endpoint. Tried  15  times. Rebooting.
Logging status at: 2022/01/11 at 14:40:01
1 HANOO job(s) running. This is:
	./HANOO
Number of HTTP 400 error is: 0
Logging status at: 2022/01/11 at 14:45:01
1 HANOO job(s) running. This is:
	./HANOO
Number of HTTP 400 error is: 0
Logging status at: 2022/01/11 at 14:50:01
1 HANOO job(s) running. This is:
	./HANOO
Number of HTTP 400 error is: 0
Logging status at: 2022/01/11 at 14:55:01
1 HANOO job(s) running. This is:
	./HANOO
Error in communication with endpoint. Tried  12  times. Rebooting.
Logging status at: 2022/01/11 at 15:00:01
1 HANOO job(s) running. This is:
	./HANOO
Number of HTTP 400 error is: 0
Logging status at: 2022/01/11 at 15:05:01
1 HANOO job(s) running. This is:
	./HANOO
Number of HTTP 400 error is: 0
Logging status at: 2022/01/11 at 15:10:01
1 HANOO job(s) running. This is:
	./HANOO
Number of HTTP 400 error is: 0
Logging status at: 2022/01/11 at 15:15:01
1 HANOO job(s) running. This is:
	./HANOO
Error in communication with endpoint. Tried  15  times. Rebooting.
Logging status at: 2022/01/11 at 15:20:01
1 HANOO job(s) running. This is:
	./HANOO
Number of HTTP 400 error is: 0
Logging status at: 2022/01/11 at 15:25:01
1 HANOO job(s) running. This is:
	./HANOO
Number of HTTP 400 error is: 0
Logging status at: 2022/01/11 at 15:30:01
1 HANOO job(s) running. This is:
	./HANOO
Number of HTTP 400 error is: 0
Logging status at: 2022/01/11 at 15:35:01
1 HANOO job(s) running. This is:
	./HANOO
Error in communication with endpoint. Tried  13  times. Rebooting.
Logging status at: 2022/01/11 at 15:40:01
1 HANOO job(s) running. This is:
	./HANOO
Number of HTTP 400 error is: 0
Logging status at: 2022/01/11 at 15:45:01
1 HANOO job(s) running. This is:
	./HANOO
Number of HTTP 400 error is: 0
Logging status at: 2022/01/11 at 15:50:01
1 HANOO job(s) running. This is:
	./HANOO
Number of HTTP 400 error is: 0
Logging status at: 2022/01/11 at 15:55:01
1 HANOO job(s) running. This is:
	./HANOO
Error in communication with endpoint. Tried  13  times. Rebooting.
Logging status at: 2022/01/11 at 16:00:01
1 HANOO job(s) running. This is:
	./HANOO
Number of HTTP 400 error is: 0
Logging status at: 2022/01/11 at 16:05:01
1 HANOO job(s) running. This is:
	./HANOO
Number of HTTP 400 error is: 0
Logging status at: 2022/01/11 at 16:10:01
1 HANOO job(s) running. This is:
	./HANOO
Number of HTTP 400 error is: 0
Logging status at: 2022/01/11 at 16:15:01
1 HANOO job(s) running. This is:
	./HANOO
Error in communication with endpoint. Tried  14  times. Rebooting.
Logging status at: 2022/01/11 at 16:20:01
1 HANOO job(s) running. This is:
	./HANOO
Number of HTTP 400 error is: 0
Logging status at: 2022/01/11 at 16:25:01
1 HANOO job(s) running. This is:
	./HANOO
Number of HTTP 400 error is: 0
Logging status at: 2022/01/11 at 16:30:01
1 HANOO job(s) running. This is:
	./HANOO
Number of HTTP 400 error is: 0
Logging status at: 2022/01/11 at 16:35:01
1 HANOO job(s) running. This is:
	./HANOO
Number of HTTP 400 error is: 9
Logging status at: 2022/01/11 at 16:40:01
1 HANOO job(s) running. This is:
	./HANOO
Error in communication with endpoint. Tried  127  times. Rebooting.
Logging status at: 2022/01/11 at 16:45:01
1 HANOO job(s) running. This is:
	./HANOO
Number of HTTP 400 error is: 0
Logging status at: 2022/01/11 at 16:50:01
1 HANOO job(s) running. This is:
	./HANOO
Number of HTTP 400 error is: 0
Logging status at: 2022/01/11 at 16:55:01
1 HANOO job(s) running. This is:
	./HANOO
Number of HTTP 400 error is: 0
Logging status at: 2022/01/11 at 17:00:01
1 HANOO job(s) running. This is:
	./HANOO
Number of HTTP 400 error is: 8
Logging status at: 2022/01/11 at 17:05:01
1 HANOO job(s) running. This is:
	./HANOO
Error in communication with endpoint. Tried  128  times. Rebooting.
Logging status at: 2022/01/11 at 17:10:01
1 HANOO job(s) running. This is:
	./HANOO
Number of HTTP 400 error is: 0
Logging status at: 2022/01/11 at 17:15:01
1 HANOO job(s) running. This is:
	./HANOO
Number of HTTP 400 error is: 0
Logging status at: 2022/01/11 at 17:20:01
1 HANOO job(s) running. This is:
	./HANOO
Number of HTTP 400 error is: 0
Logging status at: 2022/01/11 at 17:25:01
1 HANOO job(s) running. This is:
	./HANOO
Error in communication with endpoint. Tried  12  times. Rebooting.
Logging status at: 2022/01/11 at 17:30:02
1 HANOO job(s) running. This is:
	./HANOO
Number of HTTP 400 error is: 0
Logging status at: 2022/01/11 at 18:30:01
1 HANOO job(s) running. This is:
	./HANOO
Number of HTTP 400 error is: 0
Logging status at: 2022/01/11 at 18:35:01
1 HANOO job(s) running. This is:
	./HANOO
Logging status at: 2022/01/11 at 18:40:01
1 HANOO job(s) running. This is:
	./HANOO
Logging status at: 2022/01/11 at 18:45:01
1 HANOO job(s) running. This is:
	./HANOO
Logging status at: 2022/01/11 at 18:50:01
1 HANOO job(s) running. This is:
	./HANOO
Logging status at: 2022/01/11 at 18:55:01
1 HANOO job(s) running. This is:
	./HANOO
Logging status at: 2022/01/11 at 19:00:01
1 HANOO job(s) running. This is:
	./HANOO
Logging status at: 2022/01/11 at 19:15:01
2 HANOO job(s) running. This is:
	sudo
	./HANOO
Logging status at: 2022/01/11 at 19:20:01
2 HANOO job(s) running. This is:
	sudo
	./HANOO
Logging status at: 2022/01/11 at 19:25:01
2 HANOO job(s) running. This is:
	sudo
	./HANOO
Logging status at: 2022/01/11 at 19:30:01
2 HANOO job(s) running. This is:
	sudo
	./HANOO
Logging status at: 2022/01/11 at 19:40:01
1 HANOO job(s) running. This is:
	./HANOO
Logging status at: 2022/01/11 at 19:45:01
1 HANOO job(s) running. This is:
	./HANOO
Logging status at: 2022/01/11 at 19:50:01
1 HANOO job(s) running. This is:
	./HANOO
Logging status at: 2022/01/11 at 19:55:01
1 HANOO job(s) running. This is:
	./HANOO
Logging status at: 2022/01/11 at 20:20:01
1 HANOO job(s) running. This is:
	./HANOO
Logging status at: 2022/01/11 at 20:25:01
1 HANOO job(s) running. This is:
	./HANOO
Logging status at: 2022/01/11 at 20:30:01
1 HANOO job(s) running. This is:
	./HANOO
Logging status at: 2022/01/11 at 20:35:01
1 HANOO job(s) running. This is:
	./HANOO
Logging status at: 2022/01/11 at 20:40:01
1 HANOO job(s) running. This is:
	./HANOO
Logging status at: 2022/01/11 at 20:45:01
1 HANOO job(s) running. This is:
	./HANOO
Logging status at: 2022/01/11 at 20:50:02
1 HANOO job(s) running. This is:
	./HANOO
Logging status at: 2022/01/11 at 20:55:02
1 HANOO job(s) running. This is:
	./HANOO
Logging status at: 2022/01/11 at 21:00:02
1 HANOO job(s) running. This is:
	./HANOO
Logging status at: 2022/01/11 at 21:05:01
1 HANOO job(s) running. This is:
	./HANOO
Logging status at: 2022/01/11 at 21:10:01
1 HANOO job(s) running. This is:
	./HANOO
Logging status at: 2022/01/11 at 21:15:01
1 HANOO job(s) running. This is:
	./HANOO
Logging status at: 2022/01/11 at 21:20:01
1 HANOO job(s) running. This is:
	./HANOO
Logging status at: 2022/01/11 at 21:25:01
1 HANOO job(s) running. This is:
	./HANOO
Logging status at: 2022/01/11 at 22:00:01
1 HANOO job(s) running. This is:
	./HANOO
Logging status at: 2022/01/11 at 22:05:01
1 HANOO job(s) running. This is:
	./HANOO
Logging status at: 2022/01/11 at 22:10:01
1 HANOO job(s) running. This is:
	./HANOO
Logging status at: 2022/01/11 at 22:15:01
1 HANOO job(s) running. This is:
	./HANOO
Logging status at: 2022/01/11 at 22:20:01
1 HANOO job(s) running. This is:
	./HANOO
Logging status at: 2022/01/11 at 22:25:01
1 HANOO job(s) running. This is:
	./HANOO
Logging status at: 2022/01/11 at 22:30:01
1 HANOO job(s) running. This is:
	./HANOO
Logging status at: 2022/01/11 at 22:35:01
1 HANOO job(s) running. This is:
	./HANOO
Logging status at: 2022/01/11 at 23:05:01
1 HANOO job(s) running. This is:
	./HANOO
Logging status at: 2022/01/11 at 23:10:01
1 HANOO job(s) running. This is:
	./HANOO
Logging status at: 2022/01/11 at 23:15:01
1 HANOO job(s) running. This is:
	./HANOO
Logging status at: 2022/01/11 at 23:20:01
1 HANOO job(s) running. This is:
	./HANOO
Logging status at: 2022/01/11 at 23:25:01
1 HANOO job(s) running. This is:
	./HANOO
Logging status at: 2022/01/11 at 23:30:02
1 HANOO job(s) running. This is:
	./HANOO
Logging status at: 2022/01/11 at 23:35:02
1 HANOO job(s) running. This is:
	./HANOO
Logging status at: 2022/01/11 at 23:40:02
1 HANOO job(s) running. This is:
	./HANOO
Logging status at: 2022/01/11 at 23:45:01
1 HANOO job(s) running. This is:
	./HANOO
Logging status at: 2022/01/11 at 23:50:01
1 HANOO job(s) running. This is:
	./HANOO
Logging status at: 2022/01/11 at 23:55:01
1 HANOO job(s) running. This is:
	./HANOO
Logging status at: 2022/01/12 at 00:00:01
1 HANOO job(s) running. This is:
	./HANOO
Logging status at: 2022/01/12 at 00:05:01
1 HANOO job(s) running. This is:
	./HANOO
Logging status at: 2022/01/12 at 00:10:01
1 HANOO job(s) running. This is:
	./HANOO
Logging status at: 2022/01/12 at 00:15:01
1 HANOO job(s) running. This is:
	./HANOO
Logging status at: 2022/01/12 at 00:20:01
1 HANOO job(s) running. This is:
	./HANOO
Logging status at: 2022/01/12 at 00:25:01
1 HANOO job(s) running. This is:
	./HANOO
Logging status at: 2022/01/12 at 00:30:01
1 HANOO job(s) running. This is:
	./HANOO
Logging status at: 2022/01/12 at 00:35:01
1 HANOO job(s) running. This is:
	./HANOO
Logging status at: 2022/01/12 at 00:40:01
1 HANOO job(s) running. This is:
	./HANOO
Logging status at: 2022/01/12 at 00:45:01
1 HANOO job(s) running. This is:
	./HANOO
Logging status at: 2022/01/12 at 00:50:01
1 HANOO job(s) running. This is:
	./HANOO
Logging status at: 2022/01/12 at 00:55:01
1 HANOO job(s) running. This is:
	./HANOO
Logging status at: 2022/01/12 at 01:00:01
1 HANOO job(s) running. This is:
	./HANOO
Logging status at: 2022/01/12 at 01:05:01
1 HANOO job(s) running. This is:
	./HANOO
Logging status at: 2022/01/12 at 01:10:01
1 HANOO job(s) running. This is:
	./HANOO
Logging status at: 2022/01/12 at 01:15:01
1 HANOO job(s) running. This is:
	./HANOO
Logging status at: 2022/01/12 at 01:20:01
1 HANOO job(s) running. This is:
	./HANOO
Logging status at: 2022/01/12 at 01:25:01
1 HANOO job(s) running. This is:
	./HANOO
Logging status at: 2022/01/12 at 01:30:01
1 HANOO job(s) running. This is:
	./HANOO
Logging status at: 2022/01/12 at 01:35:01
1 HANOO job(s) running. This is:
	./HANOO
Logging status at: 2022/01/12 at 01:40:01
1 HANOO job(s) running. This is:
	./HANOO
Logging status at: 2022/01/12 at 01:45:01
1 HANOO job(s) running. This is:
	./HANOO
Logging status at: 2022/01/12 at 01:50:01
1 HANOO job(s) running. This is:
	./HANOO
Logging status at: 2022/01/12 at 01:55:01
1 HANOO job(s) running. This is:
	./HANOO
Logging status at: 2022/01/12 at 02:00:01
1 HANOO job(s) running. This is:
	./HANOO
Logging status at: 2022/01/12 at 02:05:01
1 HANOO job(s) running. This is:
	./HANOO
Logging status at: 2022/01/12 at 02:10:01
1 HANOO job(s) running. This is:
	./HANOO
Logging status at: 2022/01/12 at 02:15:02
1 HANOO job(s) running. This is:
	./HANOO
Logging status at: 2022/01/12 at 02:20:01
1 HANOO job(s) running. This is:
	./HANOO
Logging status at: 2022/01/12 at 02:25:01
1 HANOO job(s) running. This is:
	./HANOO
Logging status at: 2022/01/12 at 02:30:01
1 HANOO job(s) running. This is:
	./HANOO
Logging status at: 2022/01/12 at 02:35:01
1 HANOO job(s) running. This is:
	./HANOO
Logging status at: 2022/01/12 at 02:40:01
1 HANOO job(s) running. This is:
	./HANOO
Logging status at: 2022/01/12 at 02:45:01
1 HANOO job(s) running. This is:
	./HANOO
Logging status at: 2022/01/12 at 02:50:01
1 HANOO job(s) running. This is:
	./HANOO
Logging status at: 2022/01/12 at 02:55:01
1 HANOO job(s) running. This is:
	./HANOO
Logging status at: 2022/01/12 at 03:00:01
1 HANOO job(s) running. This is:
	./HANOO
Logging status at: 2022/01/12 at 03:05:01
1 HANOO job(s) running. This is:
	./HANOO
Logging status at: 2022/01/12 at 03:10:01
1 HANOO job(s) running. This is:
	./HANOO
Logging status at: 2022/01/12 at 03:15:01
1 HANOO job(s) running. This is:
	./HANOO
Logging status at: 2022/01/12 at 03:20:01
1 HANOO job(s) running. This is:
	./HANOO
Logging status at: 2022/01/12 at 03:25:01
1 HANOO job(s) running. This is:
	./HANOO
Logging status at: 2022/01/12 at 03:30:01
1 HANOO job(s) running. This is:
	./HANOO
Logging status at: 2022/01/12 at 03:35:01
1 HANOO job(s) running. This is:
	./HANOO
Logging status at: 2022/01/12 at 03:40:01
1 HANOO job(s) running. This is:
	./HANOO
Logging status at: 2022/01/12 at 03:45:01
1 HANOO job(s) running. This is:
	./HANOO
Logging status at: 2022/01/12 at 03:50:01
1 HANOO job(s) running. This is:
	./HANOO
Logging status at: 2022/01/12 at 03:55:01
1 HANOO job(s) running. This is:
	./HANOO
Logging status at: 2022/01/12 at 04:00:01
1 HANOO job(s) running. This is:
	./HANOO
Logging status at: 2022/01/12 at 04:05:01
1 HANOO job(s) running. This is:
	./HANOO
Logging status at: 2022/01/12 at 04:10:01
1 HANOO job(s) running. This is:
	./HANOO
Logging status at: 2022/01/12 at 04:15:01
1 HANOO job(s) running. This is:
	./HANOO
Logging status at: 2022/01/12 at 04:20:01
1 HANOO job(s) running. This is:
	./HANOO
Logging status at: 2022/01/12 at 04:25:01
1 HANOO job(s) running. This is:
	./HANOO
Logging status at: 2022/01/12 at 04:30:01
1 HANOO job(s) running. This is:
	./HANOO
Logging status at: 2022/01/12 at 04:35:01
1 HANOO job(s) running. This is:
	./HANOO
Logging status at: 2022/01/12 at 04:40:01
1 HANOO job(s) running. This is:
	./HANOO
Logging status at: 2022/01/12 at 04:45:01
1 HANOO job(s) running. This is:
	./HANOO
Logging status at: 2022/01/12 at 04:50:01
1 HANOO job(s) running. This is:
	./HANOO
Logging status at: 2022/01/12 at 04:55:01
1 HANOO job(s) running. This is:
	./HANOO
Logging status at: 2022/01/12 at 05:00:02
1 HANOO job(s) running. This is:
	./HANOO
Logging status at: 2022/01/12 at 05:05:02
1 HANOO job(s) running. This is:
	./HANOO
Logging status at: 2022/01/12 at 05:10:02
1 HANOO job(s) running. This is:
	./HANOO
Logging status at: 2022/01/12 at 05:15:01
1 HANOO job(s) running. This is:
	./HANOO
Logging status at: 2022/01/12 at 05:20:01
1 HANOO job(s) running. This is:
	./HANOO
Logging status at: 2022/01/12 at 05:25:01
1 HANOO job(s) running. This is:
	./HANOO
Logging status at: 2022/01/12 at 05:30:01
1 HANOO job(s) running. This is:
	./HANOO
Logging status at: 2022/01/12 at 05:35:01
1 HANOO job(s) running. This is:
	./HANOO
Logging status at: 2022/01/12 at 05:40:01
1 HANOO job(s) running. This is:
	./HANOO
Logging status at: 2022/01/12 at 05:45:01
1 HANOO job(s) running. This is:
	./HANOO
Logging status at: 2022/01/12 at 05:50:01
1 HANOO job(s) running. This is:
	./HANOO
Logging status at: 2022/01/12 at 05:55:01
1 HANOO job(s) running. This is:
	./HANOO
Logging status at: 2022/01/12 at 06:00:01
1 HANOO job(s) running. This is:
	./HANOO
Logging status at: 2022/01/12 at 06:05:01
1 HANOO job(s) running. This is:
	./HANOO
Logging status at: 2022/01/12 at 06:10:01
1 HANOO job(s) running. This is:
	./HANOO
Logging status at: 2022/01/12 at 06:15:01
1 HANOO job(s) running. This is:
	./HANOO
Logging status at: 2022/01/12 at 06:20:01
1 HANOO job(s) running. This is:
	./HANOO
Logging status at: 2022/01/12 at 06:25:01
1 HANOO job(s) running. This is:
	./HANOO
Logging status at: 2022/01/12 at 06:30:01
1 HANOO job(s) running. This is:
	./HANOO
Logging status at: 2022/01/12 at 06:35:01
Logging status at: 2022/01/12 at 06:40:01
Logging status at: 2022/01/12 at 06:45:01
Logging status at: 2022/01/12 at 06:50:01
1 HANOO job(s) running. This is:
	./HANOO
Number of HTTP 400 error is: 0
Logging status at: 2022/01/12 at 06:55:01
1 HANOO job(s) running. This is:
	./HANOO
Number of HTTP 400 error is: 0
Logging status at: 2022/01/12 at 07:00:01
1 HANOO job(s) running. This is:
	./HANOO
Number of HTTP 400 error is: 0
Logging status at: 2022/01/12 at 07:05:01
1 HANOO job(s) running. This is:
	./HANOO
Number of HTTP 400 error is: 0
Logging status at: 2022/01/12 at 07:10:01
1 HANOO job(s) running. This is:
	./HANOO
Number of HTTP 400 error is: 0
