Reading port /dev/ttyUSB0
Skipping some OBIS blockes. Waiting for text_block (STRUCT_TEXT_0x02=2) in block position 3
-------------------------------------------------------------
Complete OBIS block found but missing header data for LIST1, LIST2 and LIST3
01 01 02 03 09 06 01 00 01 07  00 FF 06 00 00 04 74 02 02 0F  00 16 1B 
Block length=23
-------------------------------------------------------------
Skipping some OBIS blockes. Waiting for text_block (STRUCT_TEXT_0x02=2) in block position 3
-------------------------------------------------------------
Complete OBIS block found but missing header data for LIST1, LIST2 and LIST3
01 01 02 03 09 06 01 00 01 07  00 FF 06 00 00 08 5F 02 02 0F  00 16 1B 
Block length=23
-------------------------------------------------------------
Skipping some OBIS blockes. Waiting for text_block (STRUCT_TEXT_0x02=2) in block position 3
-------------------------------------------------------------
Complete OBIS block found but missing header data for LIST1, LIST2 and LIST3
01 01 02 03 09 06 01 00 01 07  00 FF 06 00 00 08 5F 02 02 0F  00 16 1B 
Block length=23
-------------------------------------------------------------
0	Status etter PostAsync to https://han.slettebakk.com/api/List2 with (result.StatusCode)=OK
1	Status etter PostAsync to https://han.slettebakk.com/api/List2 with (result.StatusCode)=OK
2	Status etter PostAsync to https://han.slettebakk.com/api/List1 with (result.StatusCode)=OK
3	Status etter PostAsync to https://han.slettebakk.com/api/List2 with (result.StatusCode)=OK
4	Status etter PostAsync to https://han.slettebakk.com/api/List1 with (result.StatusCode)=OK
5	Status etter PostAsync to https://han.slettebakk.com/api/List1 with (result.StatusCode)=OK
6	Status etter PostAsync to https://han.slettebakk.com/api/List1 with (result.StatusCode)=OK
7	Status etter PostAsync to https://han.slettebakk.com/api/List2 with (result.StatusCode)=OK
8	Status etter PostAsync to https://han.slettebakk.com/api/List1 with (result.StatusCode)=OK
9	Status etter PostAsync to https://han.slettebakk.com/api/List1 with (result.StatusCode)=OK
10	Status etter PostAsync to https://han.slettebakk.com/api/List1 with (result.StatusCode)=OK
11	Status etter PostAsync to https://han.slettebakk.com/api/List2 with (result.StatusCode)=OK
12	Status etter PostAsync to https://han.slettebakk.com/api/List1 with (result.StatusCode)=OK
13	Status etter PostAsync to https://han.slettebakk.com/api/List1 with (result.StatusCode)=OK
14	Status etter PostAsync to https://han.slettebakk.com/api/List1 with (result.StatusCode)=OK
15	Status etter PostAsync to https://han.slettebakk.com/api/List2 with (result.StatusCode)=OK
16	Status etter PostAsync to https://han.slettebakk.com/api/List1 with (result.StatusCode)=OK
17	Status etter PostAsync to https://han.slettebakk.com/api/List1 with (result.StatusCode)=OK
18	Status etter PostAsync to https://han.slettebakk.com/api/List1 with (result.StatusCode)=OK
19	Status etter PostAsync to https://han.slettebakk.com/api/List2 with (result.StatusCode)=OK
20	Status etter PostAsync to https://han.slettebakk.com/api/List1 with (result.StatusCode)=OK
21	Status etter PostAsync to https://han.slettebakk.com/api/List1 with (result.StatusCode)=OK
22	Status etter PostAsync to https://han.slettebakk.com/api/List1 with (result.StatusCode)=OK
23	Status etter PostAsync to https://han.slettebakk.com/api/List2 with (result.StatusCode)=OK
24	Status etter PostAsync to https://han.slettebakk.com/api/List1 with (result.StatusCode)=OK
25	Status etter PostAsync to https://han.slettebakk.com/api/List1 with (result.StatusCode)=OK
26	Status etter PostAsync to https://han.slettebakk.com/api/List1 with (result.StatusCode)=OK
27	Status etter PostAsync to https://han.slettebakk.com/api/List2 with (result.StatusCode)=OK
28	Status etter PostAsync to https://han.slettebakk.com/api/List1 with (result.StatusCode)=OK
29	Status etter PostAsync to https://han.slettebakk.com/api/List1 with (result.StatusCode)=OK
30	Status etter PostAsync to https://han.slettebakk.com/api/List1 with (result.StatusCode)=OK
31	Status etter PostAsync to https://han.slettebakk.com/api/List2 with (result.StatusCode)=OK
32	Status etter PostAsync to https://han.slettebakk.com/api/List1 with (result.StatusCode)=OK
33	Status etter PostAsync to https://han.slettebakk.com/api/List1 with (result.StatusCode)=OK
34	Status etter PostAsync to https://han.slettebakk.com/api/List1 with (result.StatusCode)=OK
35	Status etter PostAsync to https://han.slettebakk.com/api/List2 with (result.StatusCode)=OK
36	Status etter PostAsync to https://han.slettebakk.com/api/List1 with (result.StatusCode)=OK
37	Status etter PostAsync to https://han.slettebakk.com/api/List1 with (result.StatusCode)=OK
38	Status etter PostAsync to https://han.slettebakk.com/api/List1 with (result.StatusCode)=OK
39	Status etter PostAsync to https://han.slettebakk.com/api/List2 with (result.StatusCode)=OK
40	Status etter PostAsync to https://han.slettebakk.com/api/List1 with (result.StatusCode)=OK
41	Status etter PostAsync to https://han.slettebakk.com/api/List1 with (result.StatusCode)=OK
42	Status etter PostAsync to https://han.slettebakk.com/api/List1 with (result.StatusCode)=OK
43	Status etter PostAsync to https://han.slettebakk.com/api/List2 with (result.StatusCode)=OK
44	Status etter PostAsync to https://han.slettebakk.com/api/List1 with (result.StatusCode)=OK
45	Status etter PostAsync to https://han.slettebakk.com/api/List1 with (result.StatusCode)=OK
46	Status etter PostAsync to https://han.slettebakk.com/api/List1 with (result.StatusCode)=OK
47	Status etter PostAsync to https://han.slettebakk.com/api/List2 with (result.StatusCode)=OK
48	Status etter PostAsync to https://han.slettebakk.com/api/List1 with (result.StatusCode)=OK
49	Status etter PostAsync to https://han.slettebakk.com/api/List1 with (result.StatusCode)=OK
50	Status etter PostAsync to https://han.slettebakk.com/api/List1 with (result.StatusCode)=OK
51	Status etter PostAsync to https://han.slettebakk.com/api/List2 with (result.StatusCode)=OK
52	Status etter PostAsync to https://han.slettebakk.com/api/List1 with (result.StatusCode)=OK
53	Status etter PostAsync to https://han.slettebakk.com/api/List1 with (result.StatusCode)=OK
54	Status etter PostAsync to https://han.slettebakk.com/api/List1 with (result.StatusCode)=OK
55	Status etter PostAsync to https://han.slettebakk.com/api/List2 with (result.StatusCode)=OK
56	Status etter PostAsync to https://han.slettebakk.com/api/List1 with (result.StatusCode)=OK
57	Status etter PostAsync to https://han.slettebakk.com/api/List1 with (result.StatusCode)=OK
58	Status etter PostAsync to https://han.slettebakk.com/api/List1 with (result.StatusCode)=OK
59	Status etter PostAsync to https://han.slettebakk.com/api/List2 with (result.StatusCode)=OK
60	Status etter PostAsync to https://han.slettebakk.com/api/List1 with (result.StatusCode)=OK
61	Status etter PostAsync to https://han.slettebakk.com/api/List1 with (result.StatusCode)=OK
62	Status etter PostAsync to https://han.slettebakk.com/api/List1 with (result.StatusCode)=OK
63	Status etter PostAsync to https://han.slettebakk.com/api/List2 with (result.StatusCode)=OK
64	Status etter PostAsync to https://han.slettebakk.com/api/List1 with (result.StatusCode)=OK
65	Status etter PostAsync to https://han.slettebakk.com/api/List1 with (result.StatusCode)=OK
66	Status etter PostAsync to https://han.slettebakk.com/api/List1 with (result.StatusCode)=OK
67	Status etter PostAsync to https://han.slettebakk.com/api/List2 with (result.StatusCode)=OK
68	Status etter PostAsync to https://han.slettebakk.com/api/List1 with (result.StatusCode)=OK
69	Status etter PostAsync to https://han.slettebakk.com/api/List1 with (result.StatusCode)=OK
70	Status etter PostAsync to https://han.slettebakk.com/api/List1 with (result.StatusCode)=OK
71	Status etter PostAsync to https://han.slettebakk.com/api/List2 with (result.StatusCode)=OK
72	Status etter PostAsync to https://han.slettebakk.com/api/List1 with (result.StatusCode)=OK
73	Status etter PostAsync to https://han.slettebakk.com/api/List1 with (result.StatusCode)=OK

List 3; Houerly log:
{"dateTimePoll":"2022-01-14T06:26:54.4847094","versionIdentifier":"AIDON_V0001","modelID":"7359992905478362","modelType":"6525","activePowerQ1Q4":{"activePowerQ1Q4":1814,"UoM":"W"},"activePowerQ2Q3":{"activePowerQ2Q3":0,"UoM":"W"},"reactivePowerQ1Q2":{"reactivePowerQ1Q2":0,"UoM":"kVAr"},"reactivePowerQ3Q4":{"reactivePowerQ3Q4":365,"UoM":"kVAr"},"ampereIL1":{"ampereIL1":4,"UoM":"A"},"ampereIL3":{"ampereIL3":4,"UoM":"A"},"voltUL1":{"voltUL1":233,"UoM":"V"},"voltUL2":{"voltUL2":233,"UoM":"V"},"voltUL3":{"voltUL3":233,"UoM":"V"},"activePowerAQ1Q4":{"activePowerAQ1Q4":0,"UoM":""},"activePowerAQ2Q3":{"activePowerAQ2Q3":0,"UoM":""},"reactivePowerRQ1Q2":{"reactivePowerRQ1Q2":0,"UoM":""},"reactivePowerRQ3Q4":{"reactivePowerRQ3Q4":0,"UoM":""}}
01 0C 02 02 09 06 01 01 00 02 81 FF 0A 0B 41 49 44 4F 4E 5F 56 30 30 30 31 02 02 09 06 00 00 60 01 00 FF 0A 10 37 33 35 39 39 39 32 39 30 35 34 37 38 33 36 32 02 02 09 06 00 00 60 01 07 FF 0A 04 36 35 32 35 02 03 09 06 01 00 01 07 00 FF 06 00 00 07 16 02 02 0F 00 16 1B 02 03 09 06 01 00 02 07 00 FF 06 00 00 00 00 02 02 0F 00 16 1B 02 03 09 06 01 00 03 07 00 FF 06 00 00 00 00 02 02 0F 00 16 1D 02 03 09 06 01 00 04 07 00 FF 06 00 00 01 6D 02 02 0F 00 16 1D 02 03 09 06 01 00 1F 07 00 FF 10 00 2A 02 02 0F FF 16 21 02 03 09 06 01 00 47 07 00 FF 10 00 2D 02 02 0F FF 16 21 02 03 09 06 01 00 20 07 00 FF 12 09 22 02 02 0F FF 16 23 02 03 09 06 01 00 34 07 00 FF 12 09 21 02 02 0F FF 16 23 02 03 09 06 01 00 48 07 00 FF 12 09 1A 02 02 0F FF 16 23 CE 96 7E 7E A0 2A 41 08 83 13 04 13 E6 E7 00 0F 40 00 00 00 00 01 01 02 03 09 06 01 00 01 07 00 FF 06 00 00 06 DD 02 02 0F 00 16 1B 
74	Status etter PostAsync to https://han.slettebakk.com/api/List3 with (result.StatusCode)=OK
75	Status etter PostAsync to https://han.slettebakk.com/api/List1 with (result.StatusCode)=OK
76	Status etter PostAsync to https://han.slettebakk.com/api/List1 with (result.StatusCode)=OK

List 3; Houerly log:
{"dateTimePoll":"2022-01-14T06:27:02.7580617","versionIdentifier":"AIDON_V0001","modelID":"7359992905478362","modelType":"6525","activePowerQ1Q4":{"activePowerQ1Q4":2643,"UoM":"W"},"activePowerQ2Q3":{"activePowerQ2Q3":0,"UoM":"W"},"reactivePowerQ1Q2":{"reactivePowerQ1Q2":0,"UoM":"kVAr"},"reactivePowerQ3Q4":{"reactivePowerQ3Q4":351,"UoM":"kVAr"},"ampereIL1":{"ampereIL1":4,"UoM":"A"},"ampereIL3":{"ampereIL3":3,"UoM":"A"},"voltUL1":{"voltUL1":234,"UoM":"V"},"voltUL2":{"voltUL2":234,"UoM":"V"},"voltUL3":{"voltUL3":233,"UoM":"V"},"activePowerAQ1Q4":{"activePowerAQ1Q4":0,"UoM":""},"activePowerAQ2Q3":{"activePowerAQ2Q3":0,"UoM":""},"reactivePowerRQ1Q2":{"reactivePowerRQ1Q2":0,"UoM":""},"reactivePowerRQ3Q4":{"reactivePowerRQ3Q4":0,"UoM":""}}
01 0C 02 02 09 06 01 01 00 02 81 FF 0A 0B 41 49 44 4F 4E 5F 56 30 30 30 31 02 02 09 06 00 00 60 01 00 FF 0A 10 37 33 35 39 39 39 32 39 30 35 34 37 38 33 36 32 02 02 09 06 00 00 60 01 07 FF 0A 04 36 35 32 35 02 03 09 06 01 00 01 07 00 FF 06 00 00 0A 53 02 02 0F 00 16 1B 02 03 09 06 01 00 02 07 00 FF 06 00 00 00 00 02 02 0F 00 16 1B 02 03 09 06 01 00 03 07 00 FF 06 00 00 00 00 02 02 0F 00 16 1D 02 03 09 06 01 00 04 07 00 FF 06 00 00 01 5F 02 02 0F 00 16 1D 02 03 09 06 01 00 1F 07 00 FF 10 00 2B 02 02 0F FF 16 21 02 03 09 06 01 00 47 07 00 FF 10 00 27 02 02 0F FF 16 21 02 03 09 06 01 00 20 07 00 FF 12 09 28 02 02 0F FF 16 23 02 03 09 06 01 00 34 07 00 FF 12 09 27 02 02 0F FF 16 23 02 03 09 06 01 00 48 07 00 FF 12 09 1E 02 02 0F FF 16 23 1F D0 7E 7E A0 2A 41 08 83 13 04 13 E6 E7 00 0F 40 00 00 00 00 01 01 02 03 09 06 01 00 01 07 00 FF 06 00 00 0A 3A 02 02 0F 00 16 1B 
77	Status etter PostAsync to https://han.slettebakk.com/api/List3 with (result.StatusCode)=OK
78	Status etter PostAsync to https://han.slettebakk.com/api/List1 with (result.StatusCode)=OK
79	Status etter PostAsync to https://han.slettebakk.com/api/List1 with (result.StatusCode)=OK

List 3; Houerly log:
{"dateTimePoll":"2022-01-14T06:27:12.8092270","versionIdentifier":"AIDON_V0001","modelID":"7359992905478362","modelType":"6525","activePowerQ1Q4":{"activePowerQ1Q4":2544,"UoM":"W"},"activePowerQ2Q3":{"activePowerQ2Q3":0,"UoM":"W"},"reactivePowerQ1Q2":{"reactivePowerQ1Q2":0,"UoM":"kVAr"},"reactivePowerQ3Q4":{"reactivePowerQ3Q4":336,"UoM":"kVAr"},"ampereIL1":{"ampereIL1":4,"UoM":"A"},"ampereIL3":{"ampereIL3":7,"UoM":"A"},"voltUL1":{"voltUL1":234,"UoM":"V"},"voltUL2":{"voltUL2":233,"UoM":"V"},"voltUL3":{"voltUL3":233,"UoM":"V"},"activePowerAQ1Q4":{"activePowerAQ1Q4":0,"UoM":""},"activePowerAQ2Q3":{"activePowerAQ2Q3":0,"UoM":""},"reactivePowerRQ1Q2":{"reactivePowerRQ1Q2":0,"UoM":""},"reactivePowerRQ3Q4":{"reactivePowerRQ3Q4":0,"UoM":""}}
01 0C 02 02 09 06 01 01 00 02 81 FF 0A 0B 41 49 44 4F 4E 5F 56 30 30 30 31 02 02 09 06 00 00 60 01 00 FF 0A 10 37 33 35 39 39 39 32 39 30 35 34 37 38 33 36 32 02 02 09 06 00 00 60 01 07 FF 0A 04 36 35 32 35 02 03 09 06 01 00 01 07 00 FF 06 00 00 09 F0 02 02 0F 00 16 1B 02 03 09 06 01 00 02 07 00 FF 06 00 00 00 00 02 02 0F 00 16 1B 02 03 09 06 01 00 03 07 00 FF 06 00 00 00 00 02 02 0F 00 16 1D 02 03 09 06 01 00 04 07 00 FF 06 00 00 01 50 02 02 0F 00 16 1D 02 03 09 06 01 00 1F 07 00 FF 10 00 2B 02 02 0F FF 16 21 02 03 09 06 01 00 47 07 00 FF 10 00 47 02 02 0F FF 16 21 02 03 09 06 01 00 20 07 00 FF 12 09 29 02 02 0F FF 16 23 02 03 09 06 01 00 34 07 00 FF 12 09 22 02 02 0F FF 16 23 02 03 09 06 01 00 48 07 00 FF 12 09 1B 02 02 0F FF 16 23 7C FC 7E 7E A0 2A 41 08 83 13 04 13 E6 E7 00 0F 40 00 00 00 00 01 01 02 03 09 06 01 00 01 07 00 FF 06 00 00 09 C1 02 02 0F 00 16 1B 
80	Status etter PostAsync to https://han.slettebakk.com/api/List3 with (result.StatusCode)=OK
81	Status etter PostAsync to https://han.slettebakk.com/api/List1 with (result.StatusCode)=OK
82	Status etter PostAsync to https://han.slettebakk.com/api/List1 with (result.StatusCode)=OK

List 3; Houerly log:
{"dateTimePoll":"2022-01-14T06:27:22.8671853","versionIdentifier":"AIDON_V0001","modelID":"7359992905478362","modelType":"6525","activePowerQ1Q4":{"activePowerQ1Q4":1499,"UoM":"W"},"activePowerQ2Q3":{"activePowerQ2Q3":0,"UoM":"W"},"reactivePowerQ1Q2":{"reactivePowerQ1Q2":0,"UoM":"kVAr"},"reactivePowerQ3Q4":{"reactivePowerQ3Q4":321,"UoM":"kVAr"},"ampereIL1":{"ampereIL1":4,"UoM":"A"},"ampereIL3":{"ampereIL3":3,"UoM":"A"},"voltUL1":{"voltUL1":235,"UoM":"V"},"voltUL2":{"voltUL2":235,"UoM":"V"},"voltUL3":{"voltUL3":234,"UoM":"V"},"activePowerAQ1Q4":{"activePowerAQ1Q4":0,"UoM":""},"activePowerAQ2Q3":{"activePowerAQ2Q3":0,"UoM":""},"reactivePowerRQ1Q2":{"reactivePowerRQ1Q2":0,"UoM":""},"reactivePowerRQ3Q4":{"reactivePowerRQ3Q4":0,"UoM":""}}
01 0C 02 02 09 06 01 01 00 02 81 FF 0A 0B 41 49 44 4F 4E 5F 56 30 30 30 31 02 02 09 06 00 00 60 01 00 FF 0A 10 37 33 35 39 39 39 32 39 30 35 34 37 38 33 36 32 02 02 09 06 00 00 60 01 07 FF 0A 04 36 35 32 35 02 03 09 06 01 00 01 07 00 FF 06 00 00 05 DB 02 02 0F 00 16 1B 02 03 09 06 01 00 02 07 00 FF 06 00 00 00 00 02 02 0F 00 16 1B 02 03 09 06 01 00 03 07 00 FF 06 00 00 00 00 02 02 0F 00 16 1D 02 03 09 06 01 00 04 07 00 FF 06 00 00 01 41 02 02 0F 00 16 1D 02 03 09 06 01 00 1F 07 00 FF 10 00 2B 02 02 0F FF 16 21 02 03 09 06 01 00 47 07 00 FF 10 00 1F 02 02 0F FF 16 21 02 03 09 06 01 00 20 07 00 FF 12 09 30 02 02 0F FF 16 23 02 03 09 06 01 00 34 07 00 FF 12 09 32 02 02 0F FF 16 23 02 03 09 06 01 00 48 07 00 FF 12 09 27 02 02 0F FF 16 23 44 78 7E 7E A0 2A 41 08 83 13 04 13 E6 E7 00 0F 40 00 00 00 00 01 01 02 03 09 06 01 00 01 07 00 FF 06 00 00 05 C4 02 02 0F 00 16 1B 
83	Status etter PostAsync to https://han.slettebakk.com/api/List3 with (result.StatusCode)=OK
84	Status etter PostAsync to https://han.slettebakk.com/api/List1 with (result.StatusCode)=OK
85	Status etter PostAsync to https://han.slettebakk.com/api/List1 with (result.StatusCode)=OK

List 3; Houerly log:
{"dateTimePoll":"2022-01-14T06:27:32.9101833","versionIdentifier":"AIDON_V0001","modelID":"7359992905478362","modelType":"6525","activePowerQ1Q4":{"activePowerQ1Q4":1474,"UoM":"W"},"activePowerQ2Q3":{"activePowerQ2Q3":0,"UoM":"W"},"reactivePowerQ1Q2":{"reactivePowerQ1Q2":0,"UoM":"kVAr"},"reactivePowerQ3Q4":{"reactivePowerQ3Q4":321,"UoM":"kVAr"},"ampereIL1":{"ampereIL1":4,"UoM":"A"},"ampereIL3":{"ampereIL3":3,"UoM":"A"},"voltUL1":{"voltUL1":235,"UoM":"V"},"voltUL2":{"voltUL2":235,"UoM":"V"},"voltUL3":{"voltUL3":234,"UoM":"V"},"activePowerAQ1Q4":{"activePowerAQ1Q4":0,"UoM":""},"activePowerAQ2Q3":{"activePowerAQ2Q3":0,"UoM":""},"reactivePowerRQ1Q2":{"reactivePowerRQ1Q2":0,"UoM":""},"reactivePowerRQ3Q4":{"reactivePowerRQ3Q4":0,"UoM":""}}
01 0C 02 02 09 06 01 01 00 02 81 FF 0A 0B 41 49 44 4F 4E 5F 56 30 30 30 31 02 02 09 06 00 00 60 01 00 FF 0A 10 37 33 35 39 39 39 32 39 30 35 34 37 38 33 36 32 02 02 09 06 00 00 60 01 07 FF 0A 04 36 35 32 35 02 03 09 06 01 00 01 07 00 FF 06 00 00 05 C2 02 02 0F 00 16 1B 02 03 09 06 01 00 02 07 00 FF 06 00 00 00 00 02 02 0F 00 16 1B 02 03 09 06 01 00 03 07 00 FF 06 00 00 00 00 02 02 0F 00 16 1D 02 03 09 06 01 00 04 07 00 FF 06 00 00 01 41 02 02 0F 00 16 1D 02 03 09 06 01 00 1F 07 00 FF 10 00 2B 02 02 0F FF 16 21 02 03 09 06 01 00 47 07 00 FF 10 00 1F 02 02 0F FF 16 21 02 03 09 06 01 00 20 07 00 FF 12 09 2E 02 02 0F FF 16 23 02 03 09 06 01 00 34 07 00 FF 12 09 30 02 02 0F FF 16 23 02 03 09 06 01 00 48 07 00 FF 12 09 27 02 02 0F FF 16 23 B3 16 7E 7E A0 2A 41 08 83 13 04 13 E6 E7 00 0F 40 00 00 00 00 01 01 02 03 09 06 01 00 01 07 00 FF 06 00 00 05 C7 02 02 0F 00 16 1B 
86	Status etter PostAsync to https://han.slettebakk.com/api/List3 with (result.StatusCode)=OK
87	Status etter PostAsync to https://han.slettebakk.com/api/List1 with (result.StatusCode)=OK
88	Status etter PostAsync to https://han.slettebakk.com/api/List1 with (result.StatusCode)=OK

List 3; Houerly log:
{"dateTimePoll":"2022-01-14T06:27:42.9617327","versionIdentifier":"AIDON_V0001","modelID":"7359992905478362","modelType":"6525","activePowerQ1Q4":{"activePowerQ1Q4":1490,"UoM":"W"},"activePowerQ2Q3":{"activePowerQ2Q3":0,"UoM":"W"},"reactivePowerQ1Q2":{"reactivePowerQ1Q2":0,"UoM":"kVAr"},"reactivePowerQ3Q4":{"reactivePowerQ3Q4":307,"UoM":"kVAr"},"ampereIL1":{"ampereIL1":4,"UoM":"A"},"ampereIL3":{"ampereIL3":3,"UoM":"A"},"voltUL1":{"voltUL1":234,"UoM":"V"},"voltUL2":{"voltUL2":234,"UoM":"V"},"voltUL3":{"voltUL3":233,"UoM":"V"},"activePowerAQ1Q4":{"activePowerAQ1Q4":0,"UoM":""},"activePowerAQ2Q3":{"activePowerAQ2Q3":0,"UoM":""},"reactivePowerRQ1Q2":{"reactivePowerRQ1Q2":0,"UoM":""},"reactivePowerRQ3Q4":{"reactivePowerRQ3Q4":0,"UoM":""}}
01 0C 02 02 09 06 01 01 00 02 81 FF 0A 0B 41 49 44 4F 4E 5F 56 30 30 30 31 02 02 09 06 00 00 60 01 00 FF 0A 10 37 33 35 39 39 39 32 39 30 35 34 37 38 33 36 32 02 02 09 06 00 00 60 01 07 FF 0A 04 36 35 32 35 02 03 09 06 01 00 01 07 00 FF 06 00 00 05 D2 02 02 0F 00 16 1B 02 03 09 06 01 00 02 07 00 FF 06 00 00 00 00 02 02 0F 00 16 1B 02 03 09 06 01 00 03 07 00 FF 06 00 00 00 00 02 02 0F 00 16 1D 02 03 09 06 01 00 04 07 00 FF 06 00 00 01 33 02 02 0F 00 16 1D 02 03 09 06 01 00 1F 07 00 FF 10 00 2B 02 02 0F FF 16 21 02 03 09 06 01 00 47 07 00 FF 10 00 20 02 02 0F FF 16 21 02 03 09 06 01 00 20 07 00 FF 12 09 2C 02 02 0F FF 16 23 02 03 09 06 01 00 34 07 00 FF 12 09 29 02 02 0F FF 16 23 02 03 09 06 01 00 48 07 00 FF 12 09 21 02 02 0F FF 16 23 DA C3 7E 7E A0 2A 41 08 83 13 04 13 E6 E7 00 0F 40 00 00 00 00 01 01 02 03 09 06 01 00 01 07 00 FF 06 00 00 09 96 02 02 0F 00 16 1B 
89	Status etter PostAsync to https://han.slettebakk.com/api/List3 with (result.StatusCode)=OK
90	Status etter PostAsync to https://han.slettebakk.com/api/List1 with (result.StatusCode)=OK
91	Status etter PostAsync to https://han.slettebakk.com/api/List1 with (result.StatusCode)=OK

List 3; Houerly log:
{"dateTimePoll":"2022-01-14T06:27:53.0221646","versionIdentifier":"AIDON_V0001","modelID":"7359992905478362","modelType":"6525","activePowerQ1Q4":{"activePowerQ1Q4":2474,"UoM":"W"},"activePowerQ2Q3":{"activePowerQ2Q3":0,"UoM":"W"},"reactivePowerQ1Q2":{"reactivePowerQ1Q2":0,"UoM":"kVAr"},"reactivePowerQ3Q4":{"reactivePowerQ3Q4":312,"UoM":"kVAr"},"ampereIL1":{"ampereIL1":4,"UoM":"A"},"ampereIL3":{"ampereIL3":6,"UoM":"A"},"voltUL1":{"voltUL1":234,"UoM":"V"},"voltUL2":{"voltUL2":234,"UoM":"V"},"voltUL3":{"voltUL3":233,"UoM":"V"},"activePowerAQ1Q4":{"activePowerAQ1Q4":0,"UoM":""},"activePowerAQ2Q3":{"activePowerAQ2Q3":0,"UoM":""},"reactivePowerRQ1Q2":{"reactivePowerRQ1Q2":0,"UoM":""},"reactivePowerRQ3Q4":{"reactivePowerRQ3Q4":0,"UoM":""}}
01 0C 02 02 09 06 01 01 00 02 81 FF 0A 0B 41 49 44 4F 4E 5F 56 30 30 30 31 02 02 09 06 00 00 60 01 00 FF 0A 10 37 33 35 39 39 39 32 39 30 35 34 37 38 33 36 32 02 02 09 06 00 00 60 01 07 FF 0A 04 36 35 32 35 02 03 09 06 01 00 01 07 00 FF 06 00 00 09 AA 02 02 0F 00 16 1B 02 03 09 06 01 00 02 07 00 FF 06 00 00 00 00 02 02 0F 00 16 1B 02 03 09 06 01 00 03 07 00 FF 06 00 00 00 00 02 02 0F 00 16 1D 02 03 09 06 01 00 04 07 00 FF 06 00 00 01 38 02 02 0F 00 16 1D 02 03 09 06 01 00 1F 07 00 FF 10 00 2B 02 02 0F FF 16 21 02 03 09 06 01 00 47 07 00 FF 10 00 44 02 02 0F FF 16 21 02 03 09 06 01 00 20 07 00 FF 12 09 2B 02 02 0F FF 16 23 02 03 09 06 01 00 34 07 00 FF 12 09 24 02 02 0F FF 16 23 02 03 09 06 01 00 48 07 00 FF 12 09 1E 02 02 0F FF 16 23 08 C9 7E 7E A0 2A 41 08 83 13 04 13 E6 E7 00 0F 40 00 00 00 00 01 01 02 03 09 06 01 00 01 07 00 FF 06 00 00 09 B9 02 02 0F 00 16 1B 
92	Status etter PostAsync to https://han.slettebakk.com/api/List3 with (result.StatusCode)=OK
93	Status etter PostAsync to https://han.slettebakk.com/api/List1 with (result.StatusCode)=OK
94	Status etter PostAsync to https://han.slettebakk.com/api/List1 with (result.StatusCode)=OK

List 3; Houerly log:
{"dateTimePoll":"2022-01-14T06:28:03.0891851","versionIdentifier":"AIDON_V0001","modelID":"7359992905478362","modelType":"6525","activePowerQ1Q4":{"activePowerQ1Q4":1475,"UoM":"W"},"activePowerQ2Q3":{"activePowerQ2Q3":0,"UoM":"W"},"reactivePowerQ1Q2":{"reactivePowerQ1Q2":0,"UoM":"kVAr"},"reactivePowerQ3Q4":{"reactivePowerQ3Q4":335,"UoM":"kVAr"},"ampereIL1":{"ampereIL1":4,"UoM":"A"},"ampereIL3":{"ampereIL3":3,"UoM":"A"},"voltUL1":{"voltUL1":234,"UoM":"V"},"voltUL2":{"voltUL2":234,"UoM":"V"},"voltUL3":{"voltUL3":234,"UoM":"V"},"activePowerAQ1Q4":{"activePowerAQ1Q4":0,"UoM":""},"activePowerAQ2Q3":{"activePowerAQ2Q3":0,"UoM":""},"reactivePowerRQ1Q2":{"reactivePowerRQ1Q2":0,"UoM":""},"reactivePowerRQ3Q4":{"reactivePowerRQ3Q4":0,"UoM":""}}
01 0C 02 02 09 06 01 01 00 02 81 FF 0A 0B 41 49 44 4F 4E 5F 56 30 30 30 31 02 02 09 06 00 00 60 01 00 FF 0A 10 37 33 35 39 39 39 32 39 30 35 34 37 38 33 36 32 02 02 09 06 00 00 60 01 07 FF 0A 04 36 35 32 35 02 03 09 06 01 00 01 07 00 FF 06 00 00 05 C3 02 02 0F 00 16 1B 02 03 09 06 01 00 02 07 00 FF 06 00 00 00 00 02 02 0F 00 16 1B 02 03 09 06 01 00 03 07 00 FF 06 00 00 00 00 02 02 0F 00 16 1D 02 03 09 06 01 00 04 07 00 FF 06 00 00 01 4F 02 02 0F 00 16 1D 02 03 09 06 01 00 1F 07 00 FF 10 00 2B 02 02 0F FF 16 21 02 03 09 06 01 00 47 07 00 FF 10 00 1F 02 02 0F FF 16 21 02 03 09 06 01 00 20 07 00 FF 12 09 2D 02 02 0F FF 16 23 02 03 09 06 01 00 34 07 00 FF 12 09 2B 02 02 0F FF 16 23 02 03 09 06 01 00 48 07 00 FF 12 09 24 02 02 0F FF 16 23 49 07 7E 7E A0 2A 41 08 83 13 04 13 E6 E7 00 0F 40 00 00 00 00 01 01 02 03 09 06 01 00 01 07 00 FF 06 00 00 05 BD 02 02 0F 00 16 1B 
95	Status etter PostAsync to https://han.slettebakk.com/api/List3 with (result.StatusCode)=OK
96	Status etter PostAsync to https://han.slettebakk.com/api/List1 with (result.StatusCode)=OK
97	Status etter PostAsync to https://han.slettebakk.com/api/List1 with (result.StatusCode)=OK

List 3; Houerly log:
{"dateTimePoll":"2022-01-14T06:28:13.1423398","versionIdentifier":"AIDON_V0001","modelID":"7359992905478362","modelType":"6525","activePowerQ1Q4":{"activePowerQ1Q4":1492,"UoM":"W"},"activePowerQ2Q3":{"activePowerQ2Q3":0,"UoM":"W"},"reactivePowerQ1Q2":{"reactivePowerQ1Q2":0,"UoM":"kVAr"},"reactivePowerQ3Q4":{"reactivePowerQ3Q4":332,"UoM":"kVAr"},"ampereIL1":{"ampereIL1":4,"UoM":"A"},"ampereIL3":{"ampereIL3":3,"UoM":"A"},"voltUL1":{"voltUL1":234,"UoM":"V"},"voltUL2":{"voltUL2":234,"UoM":"V"},"voltUL3":{"voltUL3":234,"UoM":"V"},"activePowerAQ1Q4":{"activePowerAQ1Q4":0,"UoM":""},"activePowerAQ2Q3":{"activePowerAQ2Q3":0,"UoM":""},"reactivePowerRQ1Q2":{"reactivePowerRQ1Q2":0,"UoM":""},"reactivePowerRQ3Q4":{"reactivePowerRQ3Q4":0,"UoM":""}}
01 0C 02 02 09 06 01 01 00 02 81 FF 0A 0B 41 49 44 4F 4E 5F 56 30 30 30 31 02 02 09 06 00 00 60 01 00 FF 0A 10 37 33 35 39 39 39 32 39 30 35 34 37 38 33 36 32 02 02 09 06 00 00 60 01 07 FF 0A 04 36 35 32 35 02 03 09 06 01 00 01 07 00 FF 06 00 00 05 D4 02 02 0F 00 16 1B 02 03 09 06 01 00 02 07 00 FF 06 00 00 00 00 02 02 0F 00 16 1B 02 03 09 06 01 00 03 07 00 FF 06 00 00 00 00 02 02 0F 00 16 1D 02 03 09 06 01 00 04 07 00 FF 06 00 00 01 4C 02 02 0F 00 16 1D 02 03 09 06 01 00 1F 07 00 FF 10 00 2B 02 02 0F FF 16 21 02 03 09 06 01 00 47 07 00 FF 10 00 20 02 02 0F FF 16 21 02 03 09 06 01 00 20 07 00 FF 12 09 2A 02 02 0F FF 16 23 02 03 09 06 01 00 34 07 00 FF 12 09 2C 02 02 0F FF 16 23 02 03 09 06 01 00 48 07 00 FF 12 09 26 02 02 0F FF 16 23 84 9E 7E 7E A0 2A 41 08 83 13 04 13 E6 E7 00 0F 40 00 00 00 00 01 01 02 03 09 06 01 00 01 07 00 FF 06 00 00 05 EA 02 02 0F 00 16 1B 
98	Status etter PostAsync to https://han.slettebakk.com/api/List3 with (result.StatusCode)=OK
99	Status etter PostAsync to https://han.slettebakk.com/api/List1 with (result.StatusCode)=OK
100	Status etter PostAsync to https://han.slettebakk.com/api/List1 with (result.StatusCode)=OK
101	Status etter PostAsync to https://han.slettebakk.com/api/List2 with (result.StatusCode)=OK
102	Status etter PostAsync to https://han.slettebakk.com/api/List1 with (result.StatusCode)=OK
103	Status etter PostAsync to https://han.slettebakk.com/api/List1 with (result.StatusCode)=OK
104	Status etter PostAsync to https://han.slettebakk.com/api/List1 with (result.StatusCode)=OK
105	Status etter PostAsync to https://han.slettebakk.com/api/List2 with (result.StatusCode)=OK
106	Status etter PostAsync to https://han.slettebakk.com/api/List1 with (result.StatusCode)=OK
107	Status etter PostAsync to https://han.slettebakk.com/api/List1 with (result.StatusCode)=OK
108	Status etter PostAsync to https://han.slettebakk.com/api/List1 with (result.StatusCode)=OK
109	Status etter PostAsync to https://han.slettebakk.com/api/List2 with (result.StatusCode)=OK
110	Status etter PostAsync to https://han.slettebakk.com/api/List1 with (result.StatusCode)=OK
111	Status etter PostAsync to https://han.slettebakk.com/api/List1 with (result.StatusCode)=OK
112	Status etter PostAsync to https://han.slettebakk.com/api/List1 with (result.StatusCode)=OK
113	Status etter PostAsync to https://han.slettebakk.com/api/List2 with (result.StatusCode)=OK
114	Status etter PostAsync to https://han.slettebakk.com/api/List1 with (result.StatusCode)=OK
115	Status etter PostAsync to https://han.slettebakk.com/api/List1 with (result.StatusCode)=OK
116	Status etter PostAsync to https://han.slettebakk.com/api/List1 with (result.StatusCode)=OK
117	Status etter PostAsync to https://han.slettebakk.com/api/List2 with (result.StatusCode)=OK
118	Status etter PostAsync to https://han.slettebakk.com/api/List1 with (result.StatusCode)=OK
119	Status etter PostAsync to https://han.slettebakk.com/api/List1 with (result.StatusCode)=OK
120	Status etter PostAsync to https://han.slettebakk.com/api/List2 with (result.StatusCode)=OK
121	Status etter PostAsync to https://han.slettebakk.com/api/List1 with (result.StatusCode)=OK
122	Status etter PostAsync to https://han.slettebakk.com/api/List1 with (result.StatusCode)=OK
123	Status etter PostAsync to https://han.slettebakk.com/api/List1 with (result.StatusCode)=OK
124	Status etter PostAsync to https://han.slettebakk.com/api/List2 with (result.StatusCode)=OK
125	Status etter PostAsync to https://han.slettebakk.com/api/List1 with (result.StatusCode)=OK
126	Status etter PostAsync to https://han.slettebakk.com/api/List1 with (result.StatusCode)=OK
127	Status etter PostAsync to https://han.slettebakk.com/api/List1 with (result.StatusCode)=OK
128	Status etter PostAsync to https://han.slettebakk.com/api/List2 with (result.StatusCode)=OK
129	Status etter PostAsync to https://han.slettebakk.com/api/List1 with (result.StatusCode)=OK
130	Status etter PostAsync to https://han.slettebakk.com/api/List1 with (result.StatusCode)=OK
131	Status etter PostAsync to https://han.slettebakk.com/api/List1 with (result.StatusCode)=OK
132	Status etter PostAsync to https://han.slettebakk.com/api/List2 with (result.StatusCode)=OK
133	Status etter PostAsync to https://han.slettebakk.com/api/List1 with (result.StatusCode)=OK
134	Status etter PostAsync to https://han.slettebakk.com/api/List1 with (result.StatusCode)=OK
135	Status etter PostAsync to https://han.slettebakk.com/api/List1 with (result.StatusCode)=OK
136	Status etter PostAsync to https://han.slettebakk.com/api/List2 with (result.StatusCode)=OK
137	Status etter PostAsync to https://han.slettebakk.com/api/List1 with (result.StatusCode)=OK
138	Status etter PostAsync to https://han.slettebakk.com/api/List1 with (result.StatusCode)=OK
139	Status etter PostAsync to https://han.slettebakk.com/api/List1 with (result.StatusCode)=OK
140	Status etter PostAsync to https://han.slettebakk.com/api/List2 with (result.StatusCode)=OK
141	Status etter PostAsync to https://han.slettebakk.com/api/List1 with (result.StatusCode)=OK
142	Status etter PostAsync to https://han.slettebakk.com/api/List1 with (result.StatusCode)=OK
143	Status etter PostAsync to https://han.slettebakk.com/api/List1 with (result.StatusCode)=OK
144	Status etter PostAsync to https://han.slettebakk.com/api/List2 with (result.StatusCode)=OK
145	Status etter PostAsync to https://han.slettebakk.com/api/List1 with (result.StatusCode)=OK
146	Status etter PostAsync to https://han.slettebakk.com/api/List1 with (result.StatusCode)=OK
147	Status etter PostAsync to https://han.slettebakk.com/api/List1 with (result.StatusCode)=OK
148	Status etter PostAsync to https://han.slettebakk.com/api/List2 with (result.StatusCode)=OK
149	Status etter PostAsync to https://han.slettebakk.com/api/List1 with (result.StatusCode)=OK
150	Status etter PostAsync to https://han.slettebakk.com/api/List1 with (result.StatusCode)=OK
151	Status etter PostAsync to https://han.slettebakk.com/api/List1 with (result.StatusCode)=OK
152	Status etter PostAsync to https://han.slettebakk.com/api/List2 with (result.StatusCode)=OK
153	Status etter PostAsync to https://han.slettebakk.com/api/List1 with (result.StatusCode)=OK
154	Status etter PostAsync to https://han.slettebakk.com/api/List1 with (result.StatusCode)=OK
155	Status etter PostAsync to https://han.slettebakk.com/api/List1 with (result.StatusCode)=OK
156	Status etter PostAsync to https://han.slettebakk.com/api/List2 with (result.StatusCode)=OK
157	Status etter PostAsync to https://han.slettebakk.com/api/List1 with (result.StatusCode)=OK
158	Status etter PostAsync to https://han.slettebakk.com/api/List1 with (result.StatusCode)=OK
159	Status etter PostAsync to https://han.slettebakk.com/api/List1 with (result.StatusCode)=OK
160	Status etter PostAsync to https://han.slettebakk.com/api/List2 with (result.StatusCode)=OK
161	Status etter PostAsync to https://han.slettebakk.com/api/List1 with (result.StatusCode)=OK
162	Status etter PostAsync to https://han.slettebakk.com/api/List1 with (result.StatusCode)=OK
163	Status etter PostAsync to https://han.slettebakk.com/api/List1 with (result.StatusCode)=OK
164	Status etter PostAsync to https://han.slettebakk.com/api/List2 with (result.StatusCode)=OK
165	Status etter PostAsync to https://han.slettebakk.com/api/List1 with (result.StatusCode)=OK
166	Status etter PostAsync to https://han.slettebakk.com/api/List1 with (result.StatusCode)=OK
167	Status etter PostAsync to https://han.slettebakk.com/api/List1 with (result.StatusCode)=OK
168	Status etter PostAsync to https://han.slettebakk.com/api/List2 with (result.StatusCode)=OK
169	Status etter PostAsync to https://han.slettebakk.com/api/List1 with (result.StatusCode)=OK
170	Status etter PostAsync to https://han.slettebakk.com/api/List1 with (result.StatusCode)=OK
171	Status etter PostAsync to https://han.slettebakk.com/api/List1 with (result.StatusCode)=OK
172	Status etter PostAsync to https://han.slettebakk.com/api/List2 with (result.StatusCode)=OK
173	Status etter PostAsync to https://han.slettebakk.com/api/List1 with (result.StatusCode)=OK
174	Status etter PostAsync to https://han.slettebakk.com/api/List1 with (result.StatusCode)=OK
175	Status etter PostAsync to https://han.slettebakk.com/api/List1 with (result.StatusCode)=OK
176	Status etter PostAsync to https://han.slettebakk.com/api/List2 with (result.StatusCode)=OK
177	Status etter PostAsync to https://han.slettebakk.com/api/List1 with (result.StatusCode)=OK
178	Status etter PostAsync to https://han.slettebakk.com/api/List1 with (result.StatusCode)=OK
179	Status etter PostAsync to https://han.slettebakk.com/api/List1 with (result.StatusCode)=OK
180	Status etter PostAsync to https://han.slettebakk.com/api/List2 with (result.StatusCode)=OK
181	Status etter PostAsync to https://han.slettebakk.com/api/List1 with (result.StatusCode)=OK
182	Status etter PostAsync to https://han.slettebakk.com/api/List1 with (result.StatusCode)=OK
183	Status etter PostAsync to https://han.slettebakk.com/api/List1 with (result.StatusCode)=OK
184	Status etter PostAsync to https://han.slettebakk.com/api/List2 with (result.StatusCode)=OK
185	Status etter PostAsync to https://han.slettebakk.com/api/List1 with (result.StatusCode)=OK
186	Status etter PostAsync to https://han.slettebakk.com/api/List1 with (result.StatusCode)=OK
187	Status etter PostAsync to https://han.slettebakk.com/api/List1 with (result.StatusCode)=OK
188	Status etter PostAsync to https://han.slettebakk.com/api/List2 with (result.StatusCode)=OK
189	Status etter PostAsync to https://han.slettebakk.com/api/List1 with (result.StatusCode)=OK
190	Status etter PostAsync to https://han.slettebakk.com/api/List1 with (result.StatusCode)=OK
191	Status etter PostAsync to https://han.slettebakk.com/api/List1 with (result.StatusCode)=OK
192	Status etter PostAsync to https://han.slettebakk.com/api/List2 with (result.StatusCode)=OK
193	Status etter PostAsync to https://han.slettebakk.com/api/List1 with (result.StatusCode)=OK
194	Status etter PostAsync to https://han.slettebakk.com/api/List1 with (result.StatusCode)=OK
195	Status etter PostAsync to https://han.slettebakk.com/api/List1 with (result.StatusCode)=OK

List 3; Houerly log:
{"dateTimePoll":"2022-01-14T06:32:24.4586960","versionIdentifier":"AIDON_V0001","modelID":"7359992905478362","modelType":"6525","activePowerQ1Q4":{"activePowerQ1Q4":1596,"UoM":"W"},"activePowerQ2Q3":{"activePowerQ2Q3":0,"UoM":"W"},"reactivePowerQ1Q2":{"reactivePowerQ1Q2":0,"UoM":"kVAr"},"reactivePowerQ3Q4":{"reactivePowerQ3Q4":294,"UoM":"kVAr"},"ampereIL1":{"ampereIL1":4,"UoM":"A"},"ampereIL3":{"ampereIL3":3,"UoM":"A"},"voltUL1":{"voltUL1":234,"UoM":"V"},"voltUL2":{"voltUL2":233,"UoM":"V"},"voltUL3":{"voltUL3":233,"UoM":"V"},"activePowerAQ1Q4":{"activePowerAQ1Q4":0,"UoM":""},"activePowerAQ2Q3":{"activePowerAQ2Q3":0,"UoM":""},"reactivePowerRQ1Q2":{"reactivePowerRQ1Q2":0,"UoM":""},"reactivePowerRQ3Q4":{"reactivePowerRQ3Q4":0,"UoM":""}}
01 0C 02 02 09 06 01 01 00 02 81 FF 0A 0B 41 49 44 4F 4E 5F 56 30 30 30 31 02 02 09 06 00 00 60 01 00 FF 0A 10 37 33 35 39 39 39 32 39 30 35 34 37 38 33 36 32 02 02 09 06 00 00 60 01 07 FF 0A 04 36 35 32 35 02 03 09 06 01 00 01 07 00 FF 06 00 00 06 3C 02 02 0F 00 16 1B 02 03 09 06 01 00 02 07 00 FF 06 00 00 00 00 02 02 0F 00 16 1B 02 03 09 06 01 00 03 07 00 FF 06 00 00 00 00 02 02 0F 00 16 1D 02 03 09 06 01 00 04 07 00 FF 06 00 00 01 26 02 02 0F 00 16 1D 02 03 09 06 01 00 1F 07 00 FF 10 00 2B 02 02 0F FF 16 21 02 03 09 06 01 00 47 07 00 FF 10 00 23 02 02 0F FF 16 21 02 03 09 06 01 00 20 07 00 FF 12 09 2A 02 02 0F FF 16 23 02 03 09 06 01 00 34 07 00 FF 12 09 22 02 02 0F FF 16 23 02 03 09 06 01 00 48 07 00 FF 12 09 1F 02 02 0F FF 16 23 04 51 7E 7E A0 2A 41 08 83 13 04 13 E6 E7 00 0F 40 00 00 00 00 01 01 02 03 09 06 01 00 01 07 00 FF 06 00 00 06 30 02 02 0F 00 16 1B 
196	Status etter PostAsync to https://han.slettebakk.com/api/List3 with (result.StatusCode)=OK
197	Status etter PostAsync to https://han.slettebakk.com/api/List1 with (result.StatusCode)=OK
198	Status etter PostAsync to https://han.slettebakk.com/api/List1 with (result.StatusCode)=OK

List 3; Houerly log:
{"dateTimePoll":"2022-01-14T06:32:34.5174968","versionIdentifier":"AIDON_V0001","modelID":"7359992905478362","modelType":"6525","activePowerQ1Q4":{"activePowerQ1Q4":2585,"UoM":"W"},"activePowerQ2Q3":{"activePowerQ2Q3":0,"UoM":"W"},"reactivePowerQ1Q2":{"reactivePowerQ1Q2":0,"UoM":"kVAr"},"reactivePowerQ3Q4":{"reactivePowerQ3Q4":276,"UoM":"kVAr"},"ampereIL1":{"ampereIL1":4,"UoM":"A"},"ampereIL3":{"ampereIL3":3,"UoM":"A"},"voltUL1":{"voltUL1":234,"UoM":"V"},"voltUL2":{"voltUL2":233,"UoM":"V"},"voltUL3":{"voltUL3":233,"UoM":"V"},"activePowerAQ1Q4":{"activePowerAQ1Q4":0,"UoM":""},"activePowerAQ2Q3":{"activePowerAQ2Q3":0,"UoM":""},"reactivePowerRQ1Q2":{"reactivePowerRQ1Q2":0,"UoM":""},"reactivePowerRQ3Q4":{"reactivePowerRQ3Q4":0,"UoM":""}}
01 0C 02 02 09 06 01 01 00 02 81 FF 0A 0B 41 49 44 4F 4E 5F 56 30 30 30 31 02 02 09 06 00 00 60 01 00 FF 0A 10 37 33 35 39 39 39 32 39 30 35 34 37 38 33 36 32 02 02 09 06 00 00 60 01 07 FF 0A 04 36 35 32 35 02 03 09 06 01 00 01 07 00 FF 06 00 00 0A 19 02 02 0F 00 16 1B 02 03 09 06 01 00 02 07 00 FF 06 00 00 00 00 02 02 0F 00 16 1B 02 03 09 06 01 00 03 07 00 FF 06 00 00 00 00 02 02 0F 00 16 1D 02 03 09 06 01 00 04 07 00 FF 06 00 00 01 14 02 02 0F 00 16 1D 02 03 09 06 01 00 1F 07 00 FF 10 00 2A 02 02 0F FF 16 21 02 03 09 06 01 00 47 07 00 FF 10 00 22 02 02 0F FF 16 21 02 03 09 06 01 00 20 07 00 FF 12 09 29 02 02 0F FF 16 23 02 03 09 06 01 00 34 07 00 FF 12 09 20 02 02 0F FF 16 23 02 03 09 06 01 00 48 07 00 FF 12 09 1B 02 02 0F FF 16 23 D5 CD 7E 7E A0 2A 41 08 83 13 04 13 E6 E7 00 0F 40 00 00 00 00 01 01 02 03 09 06 01 00 01 07 00 FF 06 00 00 0A 17 02 02 0F 00 16 1B 
199	Status etter PostAsync to https://han.slettebakk.com/api/List3 with (result.StatusCode)=OK
200	Status etter PostAsync to https://han.slettebakk.com/api/List1 with (result.StatusCode)=OK
201	Status etter PostAsync to https://han.slettebakk.com/api/List1 with (result.StatusCode)=OK

List 3; Houerly log:
{"dateTimePoll":"2022-01-14T06:32:44.5890576","versionIdentifier":"AIDON_V0001","modelID":"7359992905478362","modelType":"6525","activePowerQ1Q4":{"activePowerQ1Q4":2546,"UoM":"W"},"activePowerQ2Q3":{"activePowerQ2Q3":0,"UoM":"W"},"reactivePowerQ1Q2":{"reactivePowerQ1Q2":0,"UoM":"kVAr"},"reactivePowerQ3Q4":{"reactivePowerQ3Q4":132,"UoM":"kVAr"},"ampereIL1":{"ampereIL1":4,"UoM":"A"},"ampereIL3":{"ampereIL3":7,"UoM":"A"},"voltUL1":{"voltUL1":234,"UoM":"V"},"voltUL2":{"voltUL2":233,"UoM":"V"},"voltUL3":{"voltUL3":232,"UoM":"V"},"activePowerAQ1Q4":{"activePowerAQ1Q4":0,"UoM":""},"activePowerAQ2Q3":{"activePowerAQ2Q3":0,"UoM":""},"reactivePowerRQ1Q2":{"reactivePowerRQ1Q2":0,"UoM":""},"reactivePowerRQ3Q4":{"reactivePowerRQ3Q4":0,"UoM":""}}
01 0C 02 02 09 06 01 01 00 02 81 FF 0A 0B 41 49 44 4F 4E 5F 56 30 30 30 31 02 02 09 06 00 00 60 01 00 FF 0A 10 37 33 35 39 39 39 32 39 30 35 34 37 38 33 36 32 02 02 09 06 00 00 60 01 07 FF 0A 04 36 35 32 35 02 03 09 06 01 00 01 07 00 FF 06 00 00 09 F2 02 02 0F 00 16 1B 02 03 09 06 01 00 02 07 00 FF 06 00 00 00 00 02 02 0F 00 16 1B 02 03 09 06 01 00 03 07 00 FF 06 00 00 00 00 02 02 0F 00 16 1D 02 03 09 06 01 00 04 07 00 FF 06 00 00 00 84 02 02 0F 00 16 1D 02 03 09 06 01 00 1F 07 00 FF 10 00 2A 02 02 0F FF 16 21 02 03 09 06 01 00 47 07 00 FF 10 00 49 02 02 0F FF 16 21 02 03 09 06 01 00 20 07 00 FF 12 09 24 02 02 0F FF 16 23 02 03 09 06 01 00 34 07 00 FF 12 09 1C 02 02 0F FF 16 23 02 03 09 06 01 00 48 07 00 FF 12 09 18 02 02 0F FF 16 23 7F CC 7E 7E A0 2A 41 08 83 13 04 13 E6 E7 00 0F 40 00 00 00 00 01 01 02 03 09 06 01 00 01 07 00 FF 06 00 00 06 3D 02 02 0F 00 16 1B 
202	Status etter PostAsync to https://han.slettebakk.com/api/List3 with (result.StatusCode)=OK
203	Status etter PostAsync to https://han.slettebakk.com/api/List1 with (result.StatusCode)=OK
204	Status etter PostAsync to https://han.slettebakk.com/api/List1 with (result.StatusCode)=OK

List 3; Houerly log:
{"dateTimePoll":"2022-01-14T06:32:54.6412723","versionIdentifier":"AIDON_V0001","modelID":"7359992905478362","modelType":"6525","activePowerQ1Q4":{"activePowerQ1Q4":1607,"UoM":"W"},"activePowerQ2Q3":{"activePowerQ2Q3":0,"UoM":"W"},"reactivePowerQ1Q2":{"reactivePowerQ1Q2":0,"UoM":"kVAr"},"reactivePowerQ3Q4":{"reactivePowerQ3Q4":267,"UoM":"kVAr"},"ampereIL1":{"ampereIL1":4,"UoM":"A"},"ampereIL3":{"ampereIL3":3,"UoM":"A"},"voltUL1":{"voltUL1":234,"UoM":"V"},"voltUL2":{"voltUL2":233,"UoM":"V"},"voltUL3":{"voltUL3":233,"UoM":"V"},"activePowerAQ1Q4":{"activePowerAQ1Q4":0,"UoM":""},"activePowerAQ2Q3":{"activePowerAQ2Q3":0,"UoM":""},"reactivePowerRQ1Q2":{"reactivePowerRQ1Q2":0,"UoM":""},"reactivePowerRQ3Q4":{"reactivePowerRQ3Q4":0,"UoM":""}}
01 0C 02 02 09 06 01 01 00 02 81 FF 0A 0B 41 49 44 4F 4E 5F 56 30 30 30 31 02 02 09 06 00 00 60 01 00 FF 0A 10 37 33 35 39 39 39 32 39 30 35 34 37 38 33 36 32 02 02 09 06 00 00 60 01 07 FF 0A 04 36 35 32 35 02 03 09 06 01 00 01 07 00 FF 06 00 00 06 47 02 02 0F 00 16 1B 02 03 09 06 01 00 02 07 00 FF 06 00 00 00 00 02 02 0F 00 16 1B 02 03 09 06 01 00 03 07 00 FF 06 00 00 00 00 02 02 0F 00 16 1D 02 03 09 06 01 00 04 07 00 FF 06 00 00 01 0B 02 02 0F 00 16 1D 02 03 09 06 01 00 1F 07 00 FF 10 00 2A 02 02 0F FF 16 21 02 03 09 06 01 00 47 07 00 FF 10 00 22 02 02 0F FF 16 21 02 03 09 06 01 00 20 07 00 FF 12 09 25 02 02 0F FF 16 23 02 03 09 06 01 00 34 07 00 FF 12 09 1D 02 02 0F FF 16 23 02 03 09 06 01 00 48 07 00 FF 12 09 20 02 02 0F FF 16 23 EE 0A 7E 7E A0 2A 41 08 83 13 04 13 E6 E7 00 0F 40 00 00 00 00 01 01 02 03 09 06 01 00 01 07 00 FF 06 00 00 06 42 02 02 0F 00 16 1B 
205	Status etter PostAsync to https://han.slettebakk.com/api/List3 with (result.StatusCode)=OK
206	Status etter PostAsync to https://han.slettebakk.com/api/List1 with (result.StatusCode)=OK
207	Status etter PostAsync to https://han.slettebakk.com/api/List1 with (result.StatusCode)=OK

List 3; Houerly log:
{"dateTimePoll":"2022-01-14T06:33:02.6975114","versionIdentifier":"AIDON_V0001","modelID":"7359992905478362","modelType":"6525","activePowerQ1Q4":{"activePowerQ1Q4":1593,"UoM":"W"},"activePowerQ2Q3":{"activePowerQ2Q3":0,"UoM":"W"},"reactivePowerQ1Q2":{"reactivePowerQ1Q2":0,"UoM":"kVAr"},"reactivePowerQ3Q4":{"reactivePowerQ3Q4":280,"UoM":"kVAr"},"ampereIL1":{"ampereIL1":4,"UoM":"A"},"ampereIL3":{"ampereIL3":3,"UoM":"A"},"voltUL1":{"voltUL1":234,"UoM":"V"},"voltUL2":{"voltUL2":233,"UoM":"V"},"voltUL3":{"voltUL3":233,"UoM":"V"},"activePowerAQ1Q4":{"activePowerAQ1Q4":0,"UoM":""},"activePowerAQ2Q3":{"activePowerAQ2Q3":0,"UoM":""},"reactivePowerRQ1Q2":{"reactivePowerRQ1Q2":0,"UoM":""},"reactivePowerRQ3Q4":{"reactivePowerRQ3Q4":0,"UoM":""}}
01 0C 02 02 09 06 01 01 00 02 81 FF 0A 0B 41 49 44 4F 4E 5F 56 30 30 30 31 02 02 09 06 00 00 60 01 00 FF 0A 10 37 33 35 39 39 39 32 39 30 35 34 37 38 33 36 32 02 02 09 06 00 00 60 01 07 FF 0A 04 36 35 32 35 02 03 09 06 01 00 01 07 00 FF 06 00 00 06 39 02 02 0F 00 16 1B 02 03 09 06 01 00 02 07 00 FF 06 00 00 00 00 02 02 0F 00 16 1B 02 03 09 06 01 00 03 07 00 FF 06 00 00 00 00 02 02 0F 00 16 1D 02 03 09 06 01 00 04 07 00 FF 06 00 00 01 18 02 02 0F 00 16 1D 02 03 09 06 01 00 1F 07 00 FF 10 00 2A 02 02 0F FF 16 21 02 03 09 06 01 00 47 07 00 FF 10 00 22 02 02 0F FF 16 21 02 03 09 06 01 00 20 07 00 FF 12 09 28 02 02 0F FF 16 23 02 03 09 06 01 00 34 07 00 FF 12 09 1F 02 02 0F FF 16 23 02 03 09 06 01 00 48 07 00 FF 12 09 20 02 02 0F FF 16 23 CA 46 7E 7E A0 2A 41 08 83 13 04 13 E6 E7 00 0F 40 00 00 00 00 01 01 02 03 09 06 01 00 01 07 00 FF 06 00 00 06 3E 02 02 0F 00 16 1B 
208	Status etter PostAsync to https://han.slettebakk.com/api/List3 with (result.StatusCode)=OK
209	Status etter PostAsync to https://han.slettebakk.com/api/List1 with (result.StatusCode)=OK
210	Status etter PostAsync to https://han.slettebakk.com/api/List1 with (result.StatusCode)=OK

List 3; Houerly log:
{"dateTimePoll":"2022-01-14T06:33:12.7430076","versionIdentifier":"AIDON_V0001","modelID":"7359992905478362","modelType":"6525","activePowerQ1Q4":{"activePowerQ1Q4":1595,"UoM":"W"},"activePowerQ2Q3":{"activePowerQ2Q3":0,"UoM":"W"},"reactivePowerQ1Q2":{"reactivePowerQ1Q2":0,"UoM":"kVAr"},"reactivePowerQ3Q4":{"reactivePowerQ3Q4":753,"UoM":"kVAr"},"ampereIL1":{"ampereIL1":4,"UoM":"A"},"ampereIL3":{"ampereIL3":3,"UoM":"A"},"voltUL1":{"voltUL1":234,"UoM":"V"},"voltUL2":{"voltUL2":233,"UoM":"V"},"voltUL3":{"voltUL3":233,"UoM":"V"},"activePowerAQ1Q4":{"activePowerAQ1Q4":0,"UoM":""},"activePowerAQ2Q3":{"activePowerAQ2Q3":0,"UoM":""},"reactivePowerRQ1Q2":{"reactivePowerRQ1Q2":0,"UoM":""},"reactivePowerRQ3Q4":{"reactivePowerRQ3Q4":0,"UoM":""}}
01 0C 02 02 09 06 01 01 00 02 81 FF 0A 0B 41 49 44 4F 4E 5F 56 30 30 30 31 02 02 09 06 00 00 60 01 00 FF 0A 10 37 33 35 39 39 39 32 39 30 35 34 37 38 33 36 32 02 02 09 06 00 00 60 01 07 FF 0A 04 36 35 32 35 02 03 09 06 01 00 01 07 00 FF 06 00 00 06 3B 02 02 0F 00 16 1B 02 03 09 06 01 00 02 07 00 FF 06 00 00 00 00 02 02 0F 00 16 1B 02 03 09 06 01 00 03 07 00 FF 06 00 00 00 00 02 02 0F 00 16 1D 02 03 09 06 01 00 04 07 00 FF 06 00 00 02 F1 02 02 0F 00 16 1D 02 03 09 06 01 00 1F 07 00 FF 10 00 2A 02 02 0F FF 16 21 02 03 09 06 01 00 47 07 00 FF 10 00 22 02 02 0F FF 16 21 02 03 09 06 01 00 20 07 00 FF 12 09 25 02 02 0F FF 16 23 02 03 09 06 01 00 34 07 00 FF 12 09 20 02 02 0F FF 16 23 02 03 09 06 01 00 48 07 00 FF 12 09 1D 02 02 0F FF 16 23 30 F7 7E 7E A0 2A 41 08 83 13 04 13 E6 E7 00 0F 40 00 00 00 00 01 01 02 03 09 06 01 00 01 07 00 FF 06 00 00 0A 24 02 02 0F 00 16 1B 
211	Status etter PostAsync to https://han.slettebakk.com/api/List3 with (result.StatusCode)=OK
212	Status etter PostAsync to https://han.slettebakk.com/api/List1 with (result.StatusCode)=OK
213	Status etter PostAsync to https://han.slettebakk.com/api/List1 with (result.StatusCode)=OK

List 3; Houerly log:
{"dateTimePoll":"2022-01-14T06:33:22.7947639","versionIdentifier":"AIDON_V0001","modelID":"7359992905478362","modelType":"6525","activePowerQ1Q4":{"activePowerQ1Q4":2585,"UoM":"W"},"activePowerQ2Q3":{"activePowerQ2Q3":0,"UoM":"W"},"reactivePowerQ1Q2":{"reactivePowerQ1Q2":0,"UoM":"kVAr"},"reactivePowerQ3Q4":{"reactivePowerQ3Q4":280,"UoM":"kVAr"},"ampereIL1":{"ampereIL1":4,"UoM":"A"},"ampereIL3":{"ampereIL3":7,"UoM":"A"},"voltUL1":{"voltUL1":233,"UoM":"V"},"voltUL2":{"voltUL2":233,"UoM":"V"},"voltUL3":{"voltUL3":232,"UoM":"V"},"activePowerAQ1Q4":{"activePowerAQ1Q4":0,"UoM":""},"activePowerAQ2Q3":{"activePowerAQ2Q3":0,"UoM":""},"reactivePowerRQ1Q2":{"reactivePowerRQ1Q2":0,"UoM":""},"reactivePowerRQ3Q4":{"reactivePowerRQ3Q4":0,"UoM":""}}
01 0C 02 02 09 06 01 01 00 02 81 FF 0A 0B 41 49 44 4F 4E 5F 56 30 30 30 31 02 02 09 06 00 00 60 01 00 FF 0A 10 37 33 35 39 39 39 32 39 30 35 34 37 38 33 36 32 02 02 09 06 00 00 60 01 07 FF 0A 04 36 35 32 35 02 03 09 06 01 00 01 07 00 FF 06 00 00 0A 19 02 02 0F 00 16 1B 02 03 09 06 01 00 02 07 00 FF 06 00 00 00 00 02 02 0F 00 16 1B 02 03 09 06 01 00 03 07 00 FF 06 00 00 00 00 02 02 0F 00 16 1D 02 03 09 06 01 00 04 07 00 FF 06 00 00 01 18 02 02 0F 00 16 1D 02 03 09 06 01 00 1F 07 00 FF 10 00 2B 02 02 0F FF 16 21 02 03 09 06 01 00 47 07 00 FF 10 00 49 02 02 0F FF 16 21 02 03 09 06 01 00 20 07 00 FF 12 09 23 02 02 0F FF 16 23 02 03 09 06 01 00 34 07 00 FF 12 09 1C 02 02 0F FF 16 23 02 03 09 06 01 00 48 07 00 FF 12 09 16 02 02 0F FF 16 23 8F 99 7E 7E A0 2A 41 08 83 13 04 13 E6 E7 00 0F 40 00 00 00 00 01 01 02 03 09 06 01 00 01 07 00 FF 06 00 00 06 52 02 02 0F 00 16 1B 
214	Status etter PostAsync to https://han.slettebakk.com/api/List3 with (result.StatusCode)=OK
215	Status etter PostAsync to https://han.slettebakk.com/api/List1 with (result.StatusCode)=OK
216	Status etter PostAsync to https://han.slettebakk.com/api/List1 with (result.StatusCode)=OK

List 3; Houerly log:
{"dateTimePoll":"2022-01-14T06:33:32.8453257","versionIdentifier":"AIDON_V0001","modelID":"7359992905478362","modelType":"6525","activePowerQ1Q4":{"activePowerQ1Q4":1626,"UoM":"W"},"activePowerQ2Q3":{"activePowerQ2Q3":0,"UoM":"W"},"reactivePowerQ1Q2":{"reactivePowerQ1Q2":0,"UoM":"kVAr"},"reactivePowerQ3Q4":{"reactivePowerQ3Q4":296,"UoM":"kVAr"},"ampereIL1":{"ampereIL1":4,"UoM":"A"},"ampereIL3":{"ampereIL3":3,"UoM":"A"},"voltUL1":{"voltUL1":234,"UoM":"V"},"voltUL2":{"voltUL2":232,"UoM":"V"},"voltUL3":{"voltUL3":233,"UoM":"V"},"activePowerAQ1Q4":{"activePowerAQ1Q4":0,"UoM":""},"activePowerAQ2Q3":{"activePowerAQ2Q3":0,"UoM":""},"reactivePowerRQ1Q2":{"reactivePowerRQ1Q2":0,"UoM":""},"reactivePowerRQ3Q4":{"reactivePowerRQ3Q4":0,"UoM":""}}
01 0C 02 02 09 06 01 01 00 02 81 FF 0A 0B 41 49 44 4F 4E 5F 56 30 30 30 31 02 02 09 06 00 00 60 01 00 FF 0A 10 37 33 35 39 39 39 32 39 30 35 34 37 38 33 36 32 02 02 09 06 00 00 60 01 07 FF 0A 04 36 35 32 35 02 03 09 06 01 00 01 07 00 FF 06 00 00 06 5A 02 02 0F 00 16 1B 02 03 09 06 01 00 02 07 00 FF 06 00 00 00 00 02 02 0F 00 16 1B 02 03 09 06 01 00 03 07 00 FF 06 00 00 00 00 02 02 0F 00 16 1D 02 03 09 06 01 00 04 07 00 FF 06 00 00 01 28 02 02 0F 00 16 1D 02 03 09 06 01 00 1F 07 00 FF 10 00 2B 02 02 0F FF 16 21 02 03 09 06 01 00 47 07 00 FF 10 00 23 02 02 0F FF 16 21 02 03 09 06 01 00 20 07 00 FF 12 09 24 02 02 0F FF 16 23 02 03 09 06 01 00 34 07 00 FF 12 09 15 02 02 0F FF 16 23 02 03 09 06 01 00 48 07 00 FF 12 09 1E 02 02 0F FF 16 23 64 CE 7E 7E A0 2A 41 08 83 13 04 13 E6 E7 00 0F 40 00 00 00 00 01 01 02 03 09 06 01 00 01 07 00 FF 06 00 00 06 A0 02 02 0F 00 16 1B 
217	Status etter PostAsync to https://han.slettebakk.com/api/List3 with (result.StatusCode)=OK
